[ 2016-04-11T21:59:52+08:00 ] ::1 /baihaobio_site/
INFO: [ app_init ] --START--
INFO: Run Behavior\BuildLiteBehavior [ RunTime:0.000026s ]
INFO: [ app_init ] --END-- [ RunTime:0.199927s ]
INFO: [ app_begin ] --START--
INFO: Run Behavior\ReadHtmlCacheBehavior [ RunTime:0.072464s ]
INFO: [ app_begin ] --END-- [ RunTime:0.072522s ]
SQL: DESCRIBE company [ RunTime:0.116338s ]
SQL: SELECT `notice`,`english_notice` FROM `company` WHERE `id` = 1 LIMIT 1   [ RunTime:0.056080s ]
SQL: DESCRIBE service_sort [ RunTime:0.054777s ]
SQL: SELECT * FROM `service_sort` WHERE ( type=2 and parent_id=0 and status=1 ) LIMIT 4   [ RunTime:0.054511s ]
SQL: SELECT * FROM `service_sort` WHERE ( type=1 and parent_id=0 and status=1 ) LIMIT 4   [ RunTime:0.056108s ]
SQL: DESCRIBE information [ RunTime:0.058085s ]
SQL: SELECT * FROM `information` ORDER BY create_time desc LIMIT 3   [ RunTime:0.058697s ]
INFO: [ view_parse ] --START--
INFO: [ template_filter ] --START--
INFO: Run Behavior\ContentReplaceBehavior [ RunTime:0.000079s ]
INFO: [ template_filter ] --END-- [ RunTime:0.000128s ]
INFO: Run Behavior\ParseTemplateBehavior [ RunTime:0.624045s ]
INFO: [ view_parse ] --END-- [ RunTime:0.624136s ]
INFO: [ view_filter ] --START--
INFO: Run Behavior\WriteHtmlCacheBehavior [ RunTime:0.167991s ]
INFO: [ view_filter ] --END-- [ RunTime:0.168035s ]
INFO: [ app_end ] --START--
INFO: Run Behavior\ShowPageTraceBehavior [ RunTime:0.037045s ]
INFO: [ app_end ] --END-- [ RunTime:0.037108s ]

[ 2016-04-11T22:07:20+08:00 ] ::1 /baihaobio_site/
INFO: [ app_init ] --START--
INFO: Run Behavior\BuildLiteBehavior [ RunTime:0.000011s ]
INFO: [ app_init ] --END-- [ RunTime:0.000359s ]
INFO: [ app_begin ] --START--
INFO: Run Behavior\ReadHtmlCacheBehavior [ RunTime:0.000778s ]
INFO: [ app_begin ] --END-- [ RunTime:0.000822s ]
SQL: DESCRIBE company [ RunTime:0.048734s ]
SQL: SELECT `notice`,`english_notice` FROM `company` WHERE `id` = 1 LIMIT 1   [ RunTime:0.048681s ]
SQL: DESCRIBE service_sort [ RunTime:0.048554s ]
SQL: SELECT * FROM `service_sort` WHERE ( type=2 and parent_id=0 and status=1 ) LIMIT 4   [ RunTime:0.048636s ]
SQL: SELECT * FROM `service_sort` WHERE ( type=1 and parent_id=0 and status=1 ) LIMIT 4   [ RunTime:0.048638s ]
SQL: DESCRIBE information [ RunTime:0.049074s ]
SQL: SELECT * FROM `information` ORDER BY create_time desc LIMIT 3   [ RunTime:0.048071s ]
INFO: [ view_parse ] --START--
INFO: [ template_filter ] --START--
INFO: Run Behavior\ContentReplaceBehavior [ RunTime:0.000057s ]
INFO: [ template_filter ] --END-- [ RunTime:0.000096s ]
INFO: Run Behavior\ParseTemplateBehavior [ RunTime:0.037769s ]
INFO: [ view_parse ] --END-- [ RunTime:0.037968s ]
INFO: [ view_filter ] --START--
INFO: Run Behavior\WriteHtmlCacheBehavior [ RunTime:0.000282s ]
INFO: [ view_filter ] --END-- [ RunTime:0.000312s ]
INFO: [ app_end ] --START--
INFO: Run Behavior\ShowPageTraceBehavior [ RunTime:0.000783s ]
INFO: [ app_end ] --END-- [ RunTime:0.000839s ]

[ 2016-04-11T22:07:34+08:00 ] ::1 /baihaobio_site/
INFO: [ app_init ] --START--
INFO: Run Behavior\BuildLiteBehavior [ RunTime:0.000014s ]
INFO: [ app_init ] --END-- [ RunTime:0.000449s ]
INFO: [ app_begin ] --START--
INFO: Run Behavior\ReadHtmlCacheBehavior [ RunTime:0.000491s ]
INFO: [ app_begin ] --END-- [ RunTime:0.000523s ]
SQL: DESCRIBE company [ RunTime:0.050539s ]
SQL: SELECT `notice`,`english_notice` FROM `company` WHERE `id` = 1 LIMIT 1   [ RunTime:0.050110s ]
SQL: DESCRIBE service_sort [ RunTime:0.050664s ]
SQL: SELECT * FROM `service_sort` WHERE ( type=2 and parent_id=0 and status=1 ) LIMIT 4   [ RunTime:0.050086s ]
SQL: SELECT * FROM `service_sort` WHERE ( type=1 and parent_id=0 and status=1 ) LIMIT 4   [ RunTime:0.050245s ]
SQL: DESCRIBE information [ RunTime:0.050684s ]
SQL: SELECT * FROM `information` ORDER BY create_time desc LIMIT 3   [ RunTime:0.049964s ]
INFO: [ view_parse ] --START--
INFO: [ template_filter ] --START--
INFO: Run Behavior\ContentReplaceBehavior [ RunTime:0.000059s ]
INFO: [ template_filter ] --END-- [ RunTime:0.000098s ]
INFO: Run Behavior\ParseTemplateBehavior [ RunTime:0.031529s ]
INFO: [ view_parse ] --END-- [ RunTime:0.031751s ]
INFO: [ view_filter ] --START--
INFO: Run Behavior\WriteHtmlCacheBehavior [ RunTime:0.000282s ]
INFO: [ view_filter ] --END-- [ RunTime:0.000319s ]
INFO: [ app_end ] --START--
INFO: Run Behavior\ShowPageTraceBehavior [ RunTime:0.000829s ]
INFO: [ app_end ] --END-- [ RunTime:0.000890s ]

[ 2016-04-11T22:08:34+08:00 ] ::1 /baihaobio_site/
INFO: [ app_init ] --START--
INFO: Run Behavior\BuildLiteBehavior [ RunTime:0.000010s ]
INFO: [ app_init ] --END-- [ RunTime:0.000324s ]
INFO: [ app_begin ] --START--
INFO: Run Behavior\ReadHtmlCacheBehavior [ RunTime:0.000659s ]
INFO: [ app_begin ] --END-- [ RunTime:0.000702s ]
SQL: DESCRIBE company [ RunTime:0.050667s ]
SQL: SELECT `notice`,`english_notice` FROM `company` WHERE `id` = 1 LIMIT 1   [ RunTime:0.050568s ]
SQL: DESCRIBE service_sort [ RunTime:0.050737s ]
SQL: SELECT * FROM `service_sort` WHERE ( type=2 and parent_id=0 and status=1 ) LIMIT 4   [ RunTime:0.051284s ]
SQL: SELECT * FROM `service_sort` WHERE ( type=1 and parent_id=0 and status=1 ) LIMIT 4   [ RunTime:0.050717s ]
SQL: DESCRIBE information [ RunTime:0.050666s ]
SQL: SELECT * FROM `information` ORDER BY create_time desc LIMIT 3   [ RunTime:0.050919s ]
INFO: [ view_parse ] --START--
INFO: [ template_filter ] --START--
INFO: Run Behavior\ContentReplaceBehavior [ RunTime:0.000055s ]
INFO: [ template_filter ] --END-- [ RunTime:0.000093s ]
INFO: Run Behavior\ParseTemplateBehavior [ RunTime:0.057694s ]
INFO: [ view_parse ] --END-- [ RunTime:0.057794s ]
INFO: [ view_filter ] --START--
INFO: Run Behavior\WriteHtmlCacheBehavior [ RunTime:0.000400s ]
INFO: [ view_filter ] --END-- [ RunTime:0.000431s ]
INFO: [ app_end ] --START--
INFO: Run Behavior\ShowPageTraceBehavior [ RunTime:0.001248s ]
INFO: [ app_end ] --END-- [ RunTime:0.001355s ]

[ 2016-04-11T22:08:48+08:00 ] ::1 /baihaobio_site/
INFO: [ app_init ] --START--
INFO: Run Behavior\BuildLiteBehavior [ RunTime:0.000011s ]
INFO: [ app_init ] --END-- [ RunTime:0.000440s ]
INFO: [ app_begin ] --START--
INFO: Run Behavior\ReadHtmlCacheBehavior [ RunTime:0.000437s ]
INFO: [ app_begin ] --END-- [ RunTime:0.000467s ]
SQL: DESCRIBE company [ RunTime:0.049356s ]
SQL: SELECT `notice`,`english_notice` FROM `company` WHERE `id` = 1 LIMIT 1   [ RunTime:0.048872s ]
SQL: DESCRIBE service_sort [ RunTime:0.049489s ]
SQL: SELECT * FROM `service_sort` WHERE ( type=2 and parent_id=0 and status=1 ) LIMIT 4   [ RunTime:0.049291s ]
SQL: SELECT * FROM `service_sort` WHERE ( type=1 and parent_id=0 and status=1 ) LIMIT 4   [ RunTime:0.049104s ]
SQL: DESCRIBE information [ RunTime:0.049477s ]
SQL: SELECT * FROM `information` ORDER BY create_time desc LIMIT 3   [ RunTime:0.049191s ]
INFO: [ view_parse ] --START--
INFO: [ template_filter ] --START--
INFO: Run Behavior\ContentReplaceBehavior [ RunTime:0.000067s ]
INFO: [ template_filter ] --END-- [ RunTime:0.000117s ]
INFO: Run Behavior\ParseTemplateBehavior [ RunTime:0.034159s ]
INFO: [ view_parse ] --END-- [ RunTime:0.034390s ]
INFO: [ view_filter ] --START--
INFO: Run Behavior\WriteHtmlCacheBehavior [ RunTime:0.000338s ]
INFO: [ view_filter ] --END-- [ RunTime:0.000373s ]
INFO: [ app_end ] --START--
INFO: Run Behavior\ShowPageTraceBehavior [ RunTime:0.001012s ]
INFO: [ app_end ] --END-- [ RunTime:0.001076s ]

[ 2016-04-11T22:10:24+08:00 ] ::1 /baihaobio_site/
INFO: [ app_init ] --START--
INFO: Run Behavior\BuildLiteBehavior [ RunTime:0.000015s ]
INFO: [ app_init ] --END-- [ RunTime:0.000438s ]
INFO: [ app_begin ] --START--
INFO: Run Behavior\ReadHtmlCacheBehavior [ RunTime:0.000435s ]
INFO: [ app_begin ] --END-- [ RunTime:0.000478s ]
SQL: DESCRIBE company [ RunTime:0.059644s ]
SQL: SELECT `notice`,`english_notice` FROM `company` WHERE `id` = 1 LIMIT 1   [ RunTime:0.056694s ]
SQL: DESCRIBE service_sort [ RunTime:0.061308s ]
SQL: SELECT * FROM `service_sort` WHERE ( type=2 and parent_id=0 and status=1 ) LIMIT 4   [ RunTime:0.062260s ]
SQL: SELECT * FROM `service_sort` WHERE ( type=1 and parent_id=0 and status=1 ) LIMIT 4   [ RunTime:0.061226s ]
SQL: DESCRIBE information [ RunTime:0.062244s ]
SQL: SELECT * FROM `information` ORDER BY create_time desc LIMIT 3   [ RunTime:0.062094s ]
INFO: [ view_parse ] --START--
INFO: [ template_filter ] --START--
INFO: Run Behavior\ContentReplaceBehavior [ RunTime:0.000053s ]
INFO: [ template_filter ] --END-- [ RunTime:0.000087s ]
INFO: Run Behavior\ParseTemplateBehavior [ RunTime:0.027168s ]
INFO: [ view_parse ] --END-- [ RunTime:0.027216s ]
INFO: [ view_filter ] --START--
INFO: Run Behavior\WriteHtmlCacheBehavior [ RunTime:0.000187s ]
INFO: [ view_filter ] --END-- [ RunTime:0.000210s ]
INFO: [ app_end ] --START--
INFO: Run Behavior\ShowPageTraceBehavior [ RunTime:0.000863s ]
INFO: [ app_end ] --END-- [ RunTime:0.000960s ]

[ 2016-04-11T22:11:03+08:00 ] ::1 /baihaobio_site/
INFO: [ app_init ] --START--
INFO: Run Behavior\BuildLiteBehavior [ RunTime:0.000009s ]
INFO: [ app_init ] --END-- [ RunTime:0.000296s ]
INFO: [ app_begin ] --START--
INFO: Run Behavior\ReadHtmlCacheBehavior [ RunTime:0.000421s ]
INFO: [ app_begin ] --END-- [ RunTime:0.000451s ]
SQL: DESCRIBE company [ RunTime:0.050061s ]
SQL: SELECT `notice`,`english_notice` FROM `company` WHERE `id` = 1 LIMIT 1   [ RunTime:0.049297s ]
SQL: DESCRIBE service_sort [ RunTime:0.049600s ]
SQL: SELECT * FROM `service_sort` WHERE ( type=2 and parent_id=0 and status=1 ) LIMIT 4   [ RunTime:0.049559s ]
SQL: SELECT * FROM `service_sort` WHERE ( type=1 and parent_id=0 and status=1 ) LIMIT 4   [ RunTime:0.049372s ]
SQL: DESCRIBE information [ RunTime:0.049624s ]
SQL: SELECT * FROM `information` ORDER BY create_time desc LIMIT 3   [ RunTime:0.049231s ]
INFO: [ view_parse ] --START--
INFO: [ template_filter ] --START--
INFO: Run Behavior\ContentReplaceBehavior [ RunTime:0.000059s ]
INFO: [ template_filter ] --END-- [ RunTime:0.000102s ]
INFO: Run Behavior\ParseTemplateBehavior [ RunTime:0.028364s ]
INFO: [ view_parse ] --END-- [ RunTime:0.028412s ]
INFO: [ view_filter ] --START--
INFO: Run Behavior\WriteHtmlCacheBehavior [ RunTime:0.000265s ]
INFO: [ view_filter ] --END-- [ RunTime:0.000290s ]
INFO: [ app_end ] --START--
INFO: Run Behavior\ShowPageTraceBehavior [ RunTime:0.000763s ]
INFO: [ app_end ] --END-- [ RunTime:0.000824s ]

[ 2016-04-11T22:11:55+08:00 ] ::1 /baihaobio_site/
INFO: [ app_init ] --START--
INFO: Run Behavior\BuildLiteBehavior [ RunTime:0.000010s ]
INFO: [ app_init ] --END-- [ RunTime:0.000356s ]
INFO: [ app_begin ] --START--
INFO: Run Behavior\ReadHtmlCacheBehavior [ RunTime:0.000709s ]
INFO: [ app_begin ] --END-- [ RunTime:0.000748s ]
SQL: DESCRIBE company [ RunTime:0.052835s ]
SQL: SELECT `notice`,`english_notice` FROM `company` WHERE `id` = 1 LIMIT 1   [ RunTime:0.051574s ]
SQL: DESCRIBE service_sort [ RunTime:0.051594s ]
SQL: SELECT * FROM `service_sort` WHERE ( type=2 and parent_id=0 and status=1 ) LIMIT 4   [ RunTime:0.051393s ]
SQL: SELECT * FROM `service_sort` WHERE ( type=1 and parent_id=0 and status=1 ) LIMIT 4   [ RunTime:0.051965s ]
SQL: DESCRIBE information [ RunTime:0.051897s ]
SQL: SELECT * FROM `information` ORDER BY create_time desc LIMIT 3   [ RunTime:0.052622s ]
INFO: [ view_parse ] --START--
INFO: [ template_filter ] --START--
INFO: Run Behavior\ContentReplaceBehavior [ RunTime:0.000074s ]
INFO: [ template_filter ] --END-- [ RunTime:0.000148s ]
INFO: Run Behavior\ParseTemplateBehavior [ RunTime:0.039151s ]
INFO: [ view_parse ] --END-- [ RunTime:0.039439s ]
INFO: [ view_filter ] --START--
INFO: Run Behavior\WriteHtmlCacheBehavior [ RunTime:0.000513s ]
INFO: [ view_filter ] --END-- [ RunTime:0.000580s ]
INFO: [ app_end ] --START--
INFO: Run Behavior\ShowPageTraceBehavior [ RunTime:0.000862s ]
INFO: [ app_end ] --END-- [ RunTime:0.000938s ]

[ 2016-04-11T22:12:17+08:00 ] ::1 /baihaobio_site/
INFO: [ app_init ] --START--
INFO: Run Behavior\BuildLiteBehavior [ RunTime:0.000011s ]
INFO: [ app_init ] --END-- [ RunTime:0.000350s ]
INFO: [ app_begin ] --START--
INFO: Run Behavior\ReadHtmlCacheBehavior [ RunTime:0.000534s ]
INFO: [ app_begin ] --END-- [ RunTime:0.000572s ]
SQL: DESCRIBE company [ RunTime:0.047720s ]
SQL: SELECT `notice`,`english_notice` FROM `company` WHERE `id` = 1 LIMIT 1   [ RunTime:0.047458s ]
SQL: DESCRIBE service_sort [ RunTime:0.047547s ]
SQL: SELECT * FROM `service_sort` WHERE ( type=2 and parent_id=0 and status=1 ) LIMIT 4   [ RunTime:0.047425s ]
SQL: SELECT * FROM `service_sort` WHERE ( type=1 and parent_id=0 and status=1 ) LIMIT 4   [ RunTime:0.047883s ]
SQL: DESCRIBE information [ RunTime:0.047727s ]
SQL: SELECT * FROM `information` ORDER BY create_time desc LIMIT 3   [ RunTime:0.047761s ]
INFO: [ view_parse ] --START--
INFO: [ template_filter ] --START--
INFO: Run Behavior\ContentReplaceBehavior [ RunTime:0.000057s ]
INFO: [ template_filter ] --END-- [ RunTime:0.000096s ]
INFO: Run Behavior\ParseTemplateBehavior [ RunTime:0.029151s ]
INFO: [ view_parse ] --END-- [ RunTime:0.029204s ]
INFO: [ view_filter ] --START--
INFO: Run Behavior\WriteHtmlCacheBehavior [ RunTime:0.000288s ]
INFO: [ view_filter ] --END-- [ RunTime:0.000323s ]
INFO: [ app_end ] --START--
INFO: Run Behavior\ShowPageTraceBehavior [ RunTime:0.000766s ]
INFO: [ app_end ] --END-- [ RunTime:0.000826s ]

[ 2016-04-11T22:13:05+08:00 ] ::1 /baihaobio_site/home/index/index
INFO: [ app_init ] --START--
INFO: Run Behavior\BuildLiteBehavior [ RunTime:0.000016s ]
INFO: [ app_init ] --END-- [ RunTime:0.000597s ]
INFO: [ app_begin ] --START--
INFO: Run Behavior\ReadHtmlCacheBehavior [ RunTime:0.000893s ]
INFO: [ app_begin ] --END-- [ RunTime:0.000943s ]
SQL: DESCRIBE company [ RunTime:0.048587s ]
SQL: SELECT `notice`,`english_notice` FROM `company` WHERE `id` = 1 LIMIT 1   [ RunTime:0.048108s ]
SQL: DESCRIBE service_sort [ RunTime:0.048246s ]
SQL: SELECT * FROM `service_sort` WHERE ( type=2 and parent_id=0 and status=1 ) LIMIT 4   [ RunTime:0.047913s ]
SQL: SELECT * FROM `service_sort` WHERE ( type=1 and parent_id=0 and status=1 ) LIMIT 4   [ RunTime:0.048624s ]
SQL: DESCRIBE information [ RunTime:0.048139s ]
SQL: SELECT * FROM `information` ORDER BY create_time desc LIMIT 3   [ RunTime:0.047863s ]
INFO: [ view_parse ] --START--
INFO: [ template_filter ] --START--
INFO: Run Behavior\ContentReplaceBehavior [ RunTime:0.000058s ]
INFO: [ template_filter ] --END-- [ RunTime:0.000095s ]
INFO: Run Behavior\ParseTemplateBehavior [ RunTime:0.022948s ]
INFO: [ view_parse ] --END-- [ RunTime:0.023007s ]
INFO: [ view_filter ] --START--
INFO: Run Behavior\WriteHtmlCacheBehavior [ RunTime:0.000211s ]
INFO: [ view_filter ] --END-- [ RunTime:0.000237s ]
INFO: [ app_end ] --START--
INFO: Run Behavior\ShowPageTraceBehavior [ RunTime:0.000705s ]
INFO: [ app_end ] --END-- [ RunTime:0.000768s ]

[ 2016-04-11T22:14:35+08:00 ] ::1 /baihaobio_site/home/index/index
INFO: [ app_init ] --START--
INFO: Run Behavior\BuildLiteBehavior [ RunTime:0.000010s ]
INFO: [ app_init ] --END-- [ RunTime:0.000340s ]
INFO: [ app_begin ] --START--
INFO: Run Behavior\ReadHtmlCacheBehavior [ RunTime:0.000580s ]
INFO: [ app_begin ] --END-- [ RunTime:0.000668s ]
SQL: DESCRIBE company [ RunTime:0.048245s ]
SQL: SELECT `notice`,`english_notice` FROM `company` WHERE `id` = 1 LIMIT 1   [ RunTime:0.047452s ]
SQL: DESCRIBE service_sort [ RunTime:0.047714s ]
SQL: SELECT * FROM `service_sort` WHERE ( type=2 and parent_id=0 and status=1 ) LIMIT 4   [ RunTime:0.047496s ]
SQL: SELECT * FROM `service_sort` WHERE ( type=1 and parent_id=0 and status=1 ) LIMIT 4   [ RunTime:0.047661s ]
SQL: DESCRIBE information [ RunTime:0.048431s ]
SQL: SELECT * FROM `information` ORDER BY create_time desc LIMIT 3   [ RunTime:0.047768s ]
INFO: [ view_parse ] --START--
INFO: [ template_filter ] --START--
INFO: Run Behavior\ContentReplaceBehavior [ RunTime:0.000058s ]
INFO: [ template_filter ] --END-- [ RunTime:0.000099s ]
INFO: Run Behavior\ParseTemplateBehavior [ RunTime:0.033211s ]
INFO: [ view_parse ] --END-- [ RunTime:0.033285s ]
INFO: [ view_filter ] --START--
INFO: Run Behavior\WriteHtmlCacheBehavior [ RunTime:0.000340s ]
INFO: [ view_filter ] --END-- [ RunTime:0.000373s ]
INFO: [ app_end ] --START--
INFO: Run Behavior\ShowPageTraceBehavior [ RunTime:0.000804s ]
INFO: [ app_end ] --END-- [ RunTime:0.000867s ]

[ 2016-04-11T22:14:38+08:00 ] ::1 /baihaobio_site/index.php/Home/index/index
INFO: [ app_init ] --START--
INFO: Run Behavior\BuildLiteBehavior [ RunTime:0.000010s ]
INFO: [ app_init ] --END-- [ RunTime:0.000286s ]
INFO: [ app_begin ] --START--
INFO: Run Behavior\ReadHtmlCacheBehavior [ RunTime:0.000371s ]
INFO: [ app_begin ] --END-- [ RunTime:0.000404s ]
SQL: DESCRIBE company [ RunTime:0.048590s ]
SQL: SELECT `notice`,`english_notice` FROM `company` WHERE `id` = 1 LIMIT 1   [ RunTime:0.047828s ]
SQL: DESCRIBE service_sort [ RunTime:0.048474s ]
SQL: SELECT * FROM `service_sort` WHERE ( type=2 and parent_id=0 and status=1 ) LIMIT 4   [ RunTime:0.048048s ]
SQL: SELECT * FROM `service_sort` WHERE ( type=1 and parent_id=0 and status=1 ) LIMIT 4   [ RunTime:0.048209s ]
SQL: DESCRIBE information [ RunTime:0.048460s ]
SQL: SELECT * FROM `information` ORDER BY create_time desc LIMIT 3   [ RunTime:0.048064s ]
INFO: [ view_parse ] --START--
INFO: [ template_filter ] --START--
INFO: Run Behavior\ContentReplaceBehavior [ RunTime:0.000072s ]
INFO: [ template_filter ] --END-- [ RunTime:0.000121s ]
INFO: Run Behavior\ParseTemplateBehavior [ RunTime:0.023807s ]
INFO: [ view_parse ] --END-- [ RunTime:0.023858s ]
INFO: [ view_filter ] --START--
INFO: Run Behavior\WriteHtmlCacheBehavior [ RunTime:0.000202s ]
INFO: [ view_filter ] --END-- [ RunTime:0.000229s ]
INFO: [ app_end ] --START--
INFO: Run Behavior\ShowPageTraceBehavior [ RunTime:0.000645s ]
INFO: [ app_end ] --END-- [ RunTime:0.000693s ]

[ 2016-04-11T22:15:06+08:00 ] ::1 /baihaobio_site/index.php/Home/index/index
INFO: [ app_init ] --START--
INFO: Run Behavior\BuildLiteBehavior [ RunTime:0.000013s ]
INFO: [ app_init ] --END-- [ RunTime:0.000351s ]
INFO: [ app_begin ] --START--
INFO: Run Behavior\ReadHtmlCacheBehavior [ RunTime:0.000686s ]
INFO: [ app_begin ] --END-- [ RunTime:0.000732s ]
SQL: DESCRIBE company [ RunTime:0.048863s ]
SQL: SELECT `notice`,`english_notice` FROM `company` WHERE `id` = 1 LIMIT 1   [ RunTime:0.047701s ]
SQL: DESCRIBE service_sort [ RunTime:0.048566s ]
SQL: SELECT * FROM `service_sort` WHERE ( type=2 and parent_id=0 and status=1 ) LIMIT 4   [ RunTime:0.048303s ]
SQL: SELECT * FROM `service_sort` WHERE ( type=1 and parent_id=0 and status=1 ) LIMIT 4   [ RunTime:0.048492s ]
SQL: DESCRIBE information [ RunTime:0.048267s ]
SQL: SELECT * FROM `information` ORDER BY create_time desc LIMIT 3   [ RunTime:0.047967s ]
INFO: [ view_parse ] --START--
INFO: [ template_filter ] --START--
INFO: Run Behavior\ContentReplaceBehavior [ RunTime:0.000063s ]
INFO: [ template_filter ] --END-- [ RunTime:0.000104s ]
INFO: Run Behavior\ParseTemplateBehavior [ RunTime:0.027415s ]
INFO: [ view_parse ] --END-- [ RunTime:0.027565s ]
INFO: [ view_filter ] --START--
INFO: Run Behavior\WriteHtmlCacheBehavior [ RunTime:0.000269s ]
INFO: [ view_filter ] --END-- [ RunTime:0.000293s ]
INFO: [ app_end ] --START--
INFO: Run Behavior\ShowPageTraceBehavior [ RunTime:0.000875s ]
INFO: [ app_end ] --END-- [ RunTime:0.000937s ]

[ 2016-04-11T22:15:10+08:00 ] ::1 /baihaobio_site/index.php/Home/about/index
INFO: [ app_init ] --START--
INFO: Run Behavior\BuildLiteBehavior [ RunTime:0.000016s ]
INFO: [ app_init ] --END-- [ RunTime:0.000532s ]
INFO: [ app_begin ] --START--
INFO: Run Behavior\ReadHtmlCacheBehavior [ RunTime:0.000548s ]
INFO: [ app_begin ] --END-- [ RunTime:0.000615s ]
SQL: DESCRIBE employee [ RunTime:0.047435s ]
SQL: SELECT `id`,`name`,`photo`,`description` FROM `employee` LIMIT 3   [ RunTime:0.047632s ]
SQL: DESCRIBE training [ RunTime:0.047476s ]
SQL: SELECT * FROM `training`  [ RunTime:0.048472s ]
INFO: [ view_parse ] --START--
INFO: [ template_filter ] --START--
INFO: Run Behavior\ContentReplaceBehavior [ RunTime:0.000062s ]
INFO: [ template_filter ] --END-- [ RunTime:0.000120s ]
INFO: Run Behavior\ParseTemplateBehavior [ RunTime:0.927110s ]
INFO: [ view_parse ] --END-- [ RunTime:0.927159s ]
INFO: [ view_filter ] --START--
INFO: Run Behavior\WriteHtmlCacheBehavior [ RunTime:0.000470s ]
INFO: [ view_filter ] --END-- [ RunTime:0.000500s ]
INFO: [ app_end ] --START--
INFO: Run Behavior\ShowPageTraceBehavior [ RunTime:0.000711s ]
INFO: [ app_end ] --END-- [ RunTime:0.000759s ]

[ 2016-04-11T22:21:08+08:00 ] ::1 /baihaobio_site/index.php/Home/about/index
INFO: [ app_init ] --START--
INFO: Run Behavior\BuildLiteBehavior [ RunTime:0.000045s ]
INFO: [ app_init ] --END-- [ RunTime:0.000466s ]
INFO: [ app_begin ] --START--
INFO: Run Behavior\ReadHtmlCacheBehavior [ RunTime:0.000672s ]
INFO: [ app_begin ] --END-- [ RunTime:0.000715s ]
SQL: DESCRIBE employee [ RunTime:0.048827s ]
SQL: SELECT `id`,`name`,`photo`,`description` FROM `employee` LIMIT 3   [ RunTime:0.048754s ]
SQL: DESCRIBE training [ RunTime:0.049407s ]
SQL: SELECT * FROM `training`  [ RunTime:0.050059s ]
INFO: [ view_parse ] --START--
INFO: [ template_filter ] --START--
INFO: Run Behavior\ContentReplaceBehavior [ RunTime:0.000061s ]
INFO: [ template_filter ] --END-- [ RunTime:0.000118s ]
INFO: Run Behavior\ParseTemplateBehavior [ RunTime:0.037743s ]
INFO: [ view_parse ] --END-- [ RunTime:0.037845s ]
INFO: [ view_filter ] --START--
INFO: Run Behavior\WriteHtmlCacheBehavior [ RunTime:0.000313s ]
INFO: [ view_filter ] --END-- [ RunTime:0.000341s ]
INFO: [ app_end ] --START--
INFO: Run Behavior\ShowPageTraceBehavior [ RunTime:0.000831s ]
INFO: [ app_end ] --END-- [ RunTime:0.000901s ]

[ 2016-04-11T22:21:11+08:00 ] ::1 /baihaobio_site/index.php/Home/about/index
INFO: [ app_init ] --START--
INFO: Run Behavior\BuildLiteBehavior [ RunTime:0.000013s ]
INFO: [ app_init ] --END-- [ RunTime:0.000369s ]
INFO: [ app_begin ] --START--
INFO: Run Behavior\ReadHtmlCacheBehavior [ RunTime:0.000389s ]
INFO: [ app_begin ] --END-- [ RunTime:0.000442s ]
SQL: DESCRIBE employee [ RunTime:0.050858s ]
SQL: SELECT `id`,`name`,`photo`,`description` FROM `employee` LIMIT 3   [ RunTime:0.049812s ]
SQL: DESCRIBE training [ RunTime:0.050238s ]
SQL: SELECT * FROM `training`  [ RunTime:0.050635s ]
INFO: [ view_parse ] --START--
INFO: [ template_filter ] --START--
INFO: Run Behavior\ContentReplaceBehavior [ RunTime:0.000057s ]
INFO: [ template_filter ] --END-- [ RunTime:0.000093s ]
INFO: Run Behavior\ParseTemplateBehavior [ RunTime:0.024246s ]
INFO: [ view_parse ] --END-- [ RunTime:0.024288s ]
INFO: [ view_filter ] --START--
INFO: Run Behavior\WriteHtmlCacheBehavior [ RunTime:0.000189s ]
INFO: [ view_filter ] --END-- [ RunTime:0.000212s ]
INFO: [ app_end ] --START--
INFO: Run Behavior\ShowPageTraceBehavior [ RunTime:0.000526s ]
INFO: [ app_end ] --END-- [ RunTime:0.000587s ]

[ 2016-04-11T22:21:14+08:00 ] ::1 /baihaobio_site/
INFO: [ app_init ] --START--
INFO: Run Behavior\BuildLiteBehavior [ RunTime:0.000014s ]
INFO: [ app_init ] --END-- [ RunTime:0.000745s ]
INFO: [ app_begin ] --START--
INFO: Run Behavior\ReadHtmlCacheBehavior [ RunTime:0.000379s ]
INFO: [ app_begin ] --END-- [ RunTime:0.000413s ]
SQL: DESCRIBE company [ RunTime:0.052740s ]
SQL: SELECT `notice`,`english_notice` FROM `company` WHERE `id` = 1 LIMIT 1   [ RunTime:0.047771s ]
SQL: DESCRIBE service_sort [ RunTime:0.048516s ]
SQL: SELECT * FROM `service_sort` WHERE ( type=2 and parent_id=0 and status=1 ) LIMIT 4   [ RunTime:0.047915s ]
SQL: SELECT * FROM `service_sort` WHERE ( type=1 and parent_id=0 and status=1 ) LIMIT 4   [ RunTime:0.047976s ]
SQL: DESCRIBE information [ RunTime:0.048179s ]
SQL: SELECT * FROM `information` ORDER BY create_time desc LIMIT 3   [ RunTime:0.049282s ]
INFO: [ view_parse ] --START--
INFO: [ template_filter ] --START--
INFO: Run Behavior\ContentReplaceBehavior [ RunTime:0.000077s ]
INFO: [ template_filter ] --END-- [ RunTime:0.000137s ]
INFO: Run Behavior\ParseTemplateBehavior [ RunTime:0.026766s ]
INFO: [ view_parse ] --END-- [ RunTime:0.026816s ]
INFO: [ view_filter ] --START--
INFO: Run Behavior\WriteHtmlCacheBehavior [ RunTime:0.000209s ]
INFO: [ view_filter ] --END-- [ RunTime:0.000235s ]
INFO: [ app_end ] --START--
INFO: Run Behavior\ShowPageTraceBehavior [ RunTime:0.000427s ]
INFO: [ app_end ] --END-- [ RunTime:0.000467s ]

[ 2016-04-11T22:24:36+08:00 ] ::1 /baihaobio_site/
INFO: [ app_init ] --START--
INFO: Run Behavior\BuildLiteBehavior [ RunTime:0.000009s ]
INFO: [ app_init ] --END-- [ RunTime:0.000296s ]
INFO: [ app_begin ] --START--
INFO: Run Behavior\ReadHtmlCacheBehavior [ RunTime:0.000418s ]
INFO: [ app_begin ] --END-- [ RunTime:0.000446s ]
SQL: DESCRIBE company [ RunTime:0.048010s ]
SQL: SELECT `notice`,`english_notice` FROM `company` WHERE `id` = 1 LIMIT 1   [ RunTime:0.047464s ]
SQL: DESCRIBE service_sort [ RunTime:0.048029s ]
SQL: SELECT * FROM `service_sort` WHERE ( type=2 and parent_id=0 and status=1 ) LIMIT 4   [ RunTime:0.047904s ]
SQL: SELECT * FROM `service_sort` WHERE ( type=1 and parent_id=0 and status=1 ) LIMIT 4   [ RunTime:0.047629s ]
SQL: DESCRIBE information [ RunTime:0.048154s ]
SQL: SELECT * FROM `information` ORDER BY create_time desc LIMIT 3   [ RunTime:0.047819s ]
INFO: [ view_parse ] --START--
INFO: [ template_filter ] --START--
INFO: Run Behavior\ContentReplaceBehavior [ RunTime:0.000097s ]
INFO: [ template_filter ] --END-- [ RunTime:0.000151s ]
INFO: Run Behavior\ParseTemplateBehavior [ RunTime:0.031749s ]
INFO: [ view_parse ] --END-- [ RunTime:0.031883s ]
INFO: [ view_filter ] --START--
INFO: Run Behavior\WriteHtmlCacheBehavior [ RunTime:0.000591s ]
INFO: [ view_filter ] --END-- [ RunTime:0.000629s ]
INFO: [ app_end ] --START--
INFO: Run Behavior\ShowPageTraceBehavior [ RunTime:0.000929s ]
INFO: [ app_end ] --END-- [ RunTime:0.000993s ]

[ 2016-04-11T22:26:40+08:00 ] ::1 /baihaobio_site/
INFO: [ app_init ] --START--
INFO: Run Behavior\BuildLiteBehavior [ RunTime:0.000014s ]
INFO: [ app_init ] --END-- [ RunTime:0.000446s ]
INFO: [ app_begin ] --START--
INFO: Run Behavior\ReadHtmlCacheBehavior [ RunTime:0.000764s ]
INFO: [ app_begin ] --END-- [ RunTime:0.000813s ]
SQL: DESCRIBE company [ RunTime:0.051875s ]
SQL: SELECT `notice`,`english_notice` FROM `company` WHERE `id` = 1 LIMIT 1   [ RunTime:0.051287s ]
SQL: DESCRIBE service_sort [ RunTime:0.052178s ]
SQL: SELECT * FROM `service_sort` WHERE ( type=2 and parent_id=0 and status=1 ) LIMIT 4   [ RunTime:0.051634s ]
SQL: SELECT * FROM `service_sort` WHERE ( type=1 and parent_id=0 and status=1 ) LIMIT 4   [ RunTime:0.051315s ]
SQL: DESCRIBE information [ RunTime:0.051631s ]
SQL: SELECT * FROM `information` ORDER BY create_time desc LIMIT 3   [ RunTime:0.053798s ]
INFO: [ view_parse ] --START--
INFO: [ template_filter ] --START--
INFO: Run Behavior\ContentReplaceBehavior [ RunTime:0.000069s ]
INFO: [ template_filter ] --END-- [ RunTime:0.000119s ]
INFO: Run Behavior\ParseTemplateBehavior [ RunTime:0.029572s ]
INFO: [ view_parse ] --END-- [ RunTime:0.029776s ]
INFO: [ view_filter ] --START--
INFO: Run Behavior\WriteHtmlCacheBehavior [ RunTime:0.000302s ]
INFO: [ view_filter ] --END-- [ RunTime:0.000329s ]
INFO: [ app_end ] --START--
INFO: Run Behavior\ShowPageTraceBehavior [ RunTime:0.000808s ]
INFO: [ app_end ] --END-- [ RunTime:0.000874s ]

[ 2016-04-11T22:26:46+08:00 ] ::1 /baihaobio_site/
INFO: [ app_init ] --START--
INFO: Run Behavior\BuildLiteBehavior [ RunTime:0.000009s ]
INFO: [ app_init ] --END-- [ RunTime:0.000321s ]
INFO: [ app_begin ] --START--
INFO: Run Behavior\ReadHtmlCacheBehavior [ RunTime:0.000475s ]
INFO: [ app_begin ] --END-- [ RunTime:0.000505s ]
SQL: DESCRIBE company [ RunTime:0.048293s ]
SQL: SELECT `notice`,`english_notice` FROM `company` WHERE `id` = 1 LIMIT 1   [ RunTime:0.047795s ]
SQL: DESCRIBE service_sort [ RunTime:0.048401s ]
SQL: SELECT * FROM `service_sort` WHERE ( type=2 and parent_id=0 and status=1 ) LIMIT 4   [ RunTime:0.047818s ]
SQL: SELECT * FROM `service_sort` WHERE ( type=1 and parent_id=0 and status=1 ) LIMIT 4   [ RunTime:0.047901s ]
SQL: DESCRIBE information [ RunTime:0.048363s ]
SQL: SELECT * FROM `information` ORDER BY create_time desc LIMIT 3   [ RunTime:0.047938s ]
INFO: [ view_parse ] --START--
INFO: [ template_filter ] --START--
INFO: Run Behavior\ContentReplaceBehavior [ RunTime:0.000090s ]
INFO: [ template_filter ] --END-- [ RunTime:0.000280s ]
INFO: Run Behavior\ParseTemplateBehavior [ RunTime:0.034549s ]
INFO: [ view_parse ] --END-- [ RunTime:0.034737s ]
INFO: [ view_filter ] --START--
INFO: Run Behavior\WriteHtmlCacheBehavior [ RunTime:0.000328s ]
INFO: [ view_filter ] --END-- [ RunTime:0.000361s ]
INFO: [ app_end ] --START--
INFO: Run Behavior\ShowPageTraceBehavior [ RunTime:0.000924s ]
INFO: [ app_end ] --END-- [ RunTime:0.000995s ]

[ 2016-04-11T22:27:00+08:00 ] ::1 /baihaobio_site/
INFO: [ app_init ] --START--
INFO: Run Behavior\BuildLiteBehavior [ RunTime:0.000013s ]
INFO: [ app_init ] --END-- [ RunTime:0.000462s ]
INFO: [ app_begin ] --START--
INFO: Run Behavior\ReadHtmlCacheBehavior [ RunTime:0.000596s ]
INFO: [ app_begin ] --END-- [ RunTime:0.000642s ]
SQL: DESCRIBE company [ RunTime:0.049026s ]
SQL: SELECT `notice`,`english_notice` FROM `company` WHERE `id` = 1 LIMIT 1   [ RunTime:0.048682s ]
SQL: DESCRIBE service_sort [ RunTime:0.049026s ]
SQL: SELECT * FROM `service_sort` WHERE ( type=2 and parent_id=0 and status=1 ) LIMIT 4   [ RunTime:0.055559s ]
SQL: SELECT * FROM `service_sort` WHERE ( type=1 and parent_id=0 and status=1 ) LIMIT 4   [ RunTime:0.048896s ]
SQL: DESCRIBE information [ RunTime:0.049135s ]
SQL: SELECT * FROM `information` ORDER BY create_time desc LIMIT 3   [ RunTime:0.048517s ]
INFO: [ view_parse ] --START--
INFO: [ template_filter ] --START--
INFO: Run Behavior\ContentReplaceBehavior [ RunTime:0.000081s ]
INFO: [ template_filter ] --END-- [ RunTime:0.000140s ]
INFO: Run Behavior\ParseTemplateBehavior [ RunTime:0.028734s ]
INFO: [ view_parse ] --END-- [ RunTime:0.028785s ]
INFO: [ view_filter ] --START--
INFO: Run Behavior\WriteHtmlCacheBehavior [ RunTime:0.000303s ]
INFO: [ view_filter ] --END-- [ RunTime:0.000337s ]
INFO: [ app_end ] --START--
INFO: Run Behavior\ShowPageTraceBehavior [ RunTime:0.000862s ]
INFO: [ app_end ] --END-- [ RunTime:0.000924s ]

[ 2016-04-11T22:27:37+08:00 ] ::1 /baihaobio_site/
INFO: [ app_init ] --START--
INFO: Run Behavior\BuildLiteBehavior [ RunTime:0.000010s ]
INFO: [ app_init ] --END-- [ RunTime:0.000306s ]
INFO: [ app_begin ] --START--
INFO: Run Behavior\ReadHtmlCacheBehavior [ RunTime:0.000548s ]
INFO: [ app_begin ] --END-- [ RunTime:0.000582s ]
SQL: DESCRIBE company [ RunTime:0.049946s ]
SQL: SELECT `notice`,`english_notice` FROM `company` WHERE `id` = 1 LIMIT 1   [ RunTime:0.049345s ]
SQL: DESCRIBE service_sort [ RunTime:0.049902s ]
SQL: SELECT * FROM `service_sort` WHERE ( type=2 and parent_id=0 and status=1 ) LIMIT 4   [ RunTime:0.049542s ]
SQL: SELECT * FROM `service_sort` WHERE ( type=1 and parent_id=0 and status=1 ) LIMIT 4   [ RunTime:0.049446s ]
SQL: DESCRIBE information [ RunTime:0.049882s ]
SQL: SELECT * FROM `information` ORDER BY create_time desc LIMIT 3   [ RunTime:0.049419s ]
INFO: [ view_parse ] --START--
INFO: [ template_filter ] --START--
INFO: Run Behavior\ContentReplaceBehavior [ RunTime:0.000070s ]
INFO: [ template_filter ] --END-- [ RunTime:0.000111s ]
INFO: Run Behavior\ParseTemplateBehavior [ RunTime:0.025710s ]
INFO: [ view_parse ] --END-- [ RunTime:0.026027s ]
INFO: [ view_filter ] --START--
INFO: Run Behavior\WriteHtmlCacheBehavior [ RunTime:0.000817s ]
INFO: [ view_filter ] --END-- [ RunTime:0.000872s ]
INFO: [ app_end ] --START--
INFO: Run Behavior\ShowPageTraceBehavior [ RunTime:0.000695s ]
INFO: [ app_end ] --END-- [ RunTime:0.000797s ]

[ 2016-04-11T22:27:59+08:00 ] ::1 /baihaobio_site/
INFO: [ app_init ] --START--
INFO: Run Behavior\BuildLiteBehavior [ RunTime:0.000024s ]
INFO: [ app_init ] --END-- [ RunTime:0.000421s ]
INFO: [ app_begin ] --START--
INFO: Run Behavior\ReadHtmlCacheBehavior [ RunTime:0.000537s ]
INFO: [ app_begin ] --END-- [ RunTime:0.000582s ]
SQL: DESCRIBE company [ RunTime:0.050267s ]
SQL: SELECT `notice`,`english_notice` FROM `company` WHERE `id` = 1 LIMIT 1   [ RunTime:0.049514s ]
SQL: DESCRIBE service_sort [ RunTime:0.050198s ]
SQL: SELECT * FROM `service_sort` WHERE ( type=2 and parent_id=0 and status=1 ) LIMIT 4   [ RunTime:0.050464s ]
SQL: SELECT * FROM `service_sort` WHERE ( type=1 and parent_id=0 and status=1 ) LIMIT 4   [ RunTime:0.049675s ]
SQL: DESCRIBE information [ RunTime:0.050005s ]
SQL: SELECT * FROM `information` ORDER BY create_time desc LIMIT 3   [ RunTime:0.049469s ]
INFO: [ view_parse ] --START--
INFO: [ template_filter ] --START--
INFO: Run Behavior\ContentReplaceBehavior [ RunTime:0.000070s ]
INFO: [ template_filter ] --END-- [ RunTime:0.000111s ]
INFO: Run Behavior\ParseTemplateBehavior [ RunTime:0.024251s ]
INFO: [ view_parse ] --END-- [ RunTime:0.024310s ]
INFO: [ view_filter ] --START--
INFO: Run Behavior\WriteHtmlCacheBehavior [ RunTime:0.000242s ]
INFO: [ view_filter ] --END-- [ RunTime:0.000268s ]
INFO: [ app_end ] --START--
INFO: Run Behavior\ShowPageTraceBehavior [ RunTime:0.000673s ]
INFO: [ app_end ] --END-- [ RunTime:0.000734s ]

[ 2016-04-11T22:28:07+08:00 ] ::1 /baihaobio_site/
INFO: [ app_init ] --START--
INFO: Run Behavior\BuildLiteBehavior [ RunTime:0.000010s ]
INFO: [ app_init ] --END-- [ RunTime:0.000281s ]
INFO: [ app_begin ] --START--
INFO: Run Behavior\ReadHtmlCacheBehavior [ RunTime:0.000428s ]
INFO: [ app_begin ] --END-- [ RunTime:0.000465s ]
SQL: DESCRIBE company [ RunTime:0.050274s ]
SQL: SELECT `notice`,`english_notice` FROM `company` WHERE `id` = 1 LIMIT 1   [ RunTime:0.049531s ]
SQL: DESCRIBE service_sort [ RunTime:0.050253s ]
SQL: SELECT * FROM `service_sort` WHERE ( type=2 and parent_id=0 and status=1 ) LIMIT 4   [ RunTime:0.050530s ]
SQL: SELECT * FROM `service_sort` WHERE ( type=1 and parent_id=0 and status=1 ) LIMIT 4   [ RunTime:0.049785s ]
SQL: DESCRIBE information [ RunTime:0.049952s ]
SQL: SELECT * FROM `information` ORDER BY create_time desc LIMIT 3   [ RunTime:0.049712s ]
INFO: [ view_parse ] --START--
INFO: [ template_filter ] --START--
INFO: Run Behavior\ContentReplaceBehavior [ RunTime:0.000066s ]
INFO: [ template_filter ] --END-- [ RunTime:0.000104s ]
INFO: Run Behavior\ParseTemplateBehavior [ RunTime:0.030983s ]
INFO: [ view_parse ] --END-- [ RunTime:0.031042s ]
INFO: [ view_filter ] --START--
INFO: Run Behavior\WriteHtmlCacheBehavior [ RunTime:0.000240s ]
INFO: [ view_filter ] --END-- [ RunTime:0.000267s ]
INFO: [ app_end ] --START--
INFO: Run Behavior\ShowPageTraceBehavior [ RunTime:0.000725s ]
INFO: [ app_end ] --END-- [ RunTime:0.000954s ]

[ 2016-04-11T22:29:16+08:00 ] ::1 /baihaobio_site/
INFO: [ app_init ] --START--
INFO: Run Behavior\BuildLiteBehavior [ RunTime:0.000009s ]
INFO: [ app_init ] --END-- [ RunTime:0.000305s ]
INFO: [ app_begin ] --START--
INFO: Run Behavior\ReadHtmlCacheBehavior [ RunTime:0.000646s ]
INFO: [ app_begin ] --END-- [ RunTime:0.000676s ]
SQL: DESCRIBE company [ RunTime:0.050722s ]
SQL: SELECT `notice`,`english_notice` FROM `company` WHERE `id` = 1 LIMIT 1   [ RunTime:0.050805s ]
SQL: DESCRIBE service_sort [ RunTime:0.050762s ]
SQL: SELECT * FROM `service_sort` WHERE ( type=2 and parent_id=0 and status=1 ) LIMIT 4   [ RunTime:0.051395s ]
SQL: SELECT * FROM `service_sort` WHERE ( type=1 and parent_id=0 and status=1 ) LIMIT 4   [ RunTime:0.050370s ]
SQL: DESCRIBE information [ RunTime:0.050314s ]
SQL: SELECT * FROM `information` ORDER BY create_time desc LIMIT 3   [ RunTime:0.051220s ]
INFO: [ view_parse ] --START--
INFO: [ template_filter ] --START--
INFO: Run Behavior\ContentReplaceBehavior [ RunTime:0.000082s ]
INFO: [ template_filter ] --END-- [ RunTime:0.000203s ]
INFO: Run Behavior\ParseTemplateBehavior [ RunTime:0.030585s ]
INFO: [ view_parse ] --END-- [ RunTime:0.030666s ]
INFO: [ view_filter ] --START--
INFO: Run Behavior\WriteHtmlCacheBehavior [ RunTime:0.000269s ]
INFO: [ view_filter ] --END-- [ RunTime:0.000294s ]
INFO: [ app_end ] --START--
INFO: Run Behavior\ShowPageTraceBehavior [ RunTime:0.000798s ]
INFO: [ app_end ] --END-- [ RunTime:0.000859s ]

[ 2016-04-11T22:29:20+08:00 ] ::1 /baihaobio_site/index.php/Home/about
INFO: [ app_init ] --START--
INFO: Run Behavior\BuildLiteBehavior [ RunTime:0.000009s ]
INFO: [ app_init ] --END-- [ RunTime:0.000320s ]
INFO: [ app_begin ] --START--
INFO: Run Behavior\ReadHtmlCacheBehavior [ RunTime:0.000456s ]
INFO: [ app_begin ] --END-- [ RunTime:0.000495s ]
SQL: DESCRIBE employee [ RunTime:0.048465s ]
SQL: SELECT `id`,`name`,`photo`,`description` FROM `employee` LIMIT 3   [ RunTime:0.047635s ]
SQL: DESCRIBE training [ RunTime:0.048545s ]
SQL: SELECT * FROM `training`  [ RunTime:0.048599s ]
INFO: [ view_parse ] --START--
INFO: [ template_filter ] --START--
INFO: Run Behavior\ContentReplaceBehavior [ RunTime:0.000048s ]
INFO: [ template_filter ] --END-- [ RunTime:0.000085s ]
INFO: Run Behavior\ParseTemplateBehavior [ RunTime:0.033166s ]
INFO: [ view_parse ] --END-- [ RunTime:0.033215s ]
INFO: [ view_filter ] --START--
INFO: Run Behavior\WriteHtmlCacheBehavior [ RunTime:0.000302s ]
INFO: [ view_filter ] --END-- [ RunTime:0.000335s ]
INFO: [ app_end ] --START--
INFO: Run Behavior\ShowPageTraceBehavior [ RunTime:0.001100s ]
INFO: [ app_end ] --END-- [ RunTime:0.001167s ]

[ 2016-04-11T22:29:43+08:00 ] ::1 /baihaobio_site/
INFO: [ app_init ] --START--
INFO: Run Behavior\BuildLiteBehavior [ RunTime:0.000014s ]
INFO: [ app_init ] --END-- [ RunTime:0.000456s ]
INFO: [ app_begin ] --START--
INFO: Run Behavior\ReadHtmlCacheBehavior [ RunTime:0.000503s ]
INFO: [ app_begin ] --END-- [ RunTime:0.000543s ]
SQL: DESCRIBE company [ RunTime:0.047561s ]
SQL: SELECT `notice`,`english_notice` FROM `company` WHERE `id` = 1 LIMIT 1   [ RunTime:0.046922s ]
SQL: DESCRIBE service_sort [ RunTime:0.050144s ]
SQL: SELECT * FROM `service_sort` WHERE ( type=2 and parent_id=0 and status=1 ) LIMIT 4   [ RunTime:0.047901s ]
SQL: SELECT * FROM `service_sort` WHERE ( type=1 and parent_id=0 and status=1 ) LIMIT 4   [ RunTime:0.049142s ]
SQL: DESCRIBE information [ RunTime:0.048531s ]
SQL: SELECT * FROM `information` ORDER BY create_time desc LIMIT 3   [ RunTime:0.048948s ]
INFO: [ view_parse ] --START--
INFO: [ template_filter ] --START--
INFO: Run Behavior\ContentReplaceBehavior [ RunTime:0.000071s ]
INFO: [ template_filter ] --END-- [ RunTime:0.000112s ]
INFO: Run Behavior\ParseTemplateBehavior [ RunTime:0.023250s ]
INFO: [ view_parse ] --END-- [ RunTime:0.023310s ]
INFO: [ view_filter ] --START--
INFO: Run Behavior\WriteHtmlCacheBehavior [ RunTime:0.000385s ]
INFO: [ view_filter ] --END-- [ RunTime:0.000419s ]
INFO: [ app_end ] --START--
INFO: Run Behavior\ShowPageTraceBehavior [ RunTime:0.000832s ]
INFO: [ app_end ] --END-- [ RunTime:0.000908s ]

[ 2016-04-11T22:29:57+08:00 ] ::1 /baihaobio_site/
INFO: [ app_init ] --START--
INFO: Run Behavior\BuildLiteBehavior [ RunTime:0.000011s ]
INFO: [ app_init ] --END-- [ RunTime:0.000350s ]
INFO: [ app_begin ] --START--
INFO: Run Behavior\ReadHtmlCacheBehavior [ RunTime:0.000431s ]
INFO: [ app_begin ] --END-- [ RunTime:0.000474s ]
SQL: DESCRIBE company [ RunTime:0.049441s ]
SQL: SELECT `notice`,`english_notice` FROM `company` WHERE `id` = 1 LIMIT 1   [ RunTime:0.048554s ]
SQL: DESCRIBE service_sort [ RunTime:0.048655s ]
SQL: SELECT * FROM `service_sort` WHERE ( type=2 and parent_id=0 and status=1 ) LIMIT 4   [ RunTime:0.048635s ]
SQL: SELECT * FROM `service_sort` WHERE ( type=1 and parent_id=0 and status=1 ) LIMIT 4   [ RunTime:0.048999s ]
SQL: DESCRIBE information [ RunTime:0.048961s ]
SQL: SELECT * FROM `information` ORDER BY create_time desc LIMIT 3   [ RunTime:0.048635s ]
INFO: [ view_parse ] --START--
INFO: [ template_filter ] --START--
INFO: Run Behavior\ContentReplaceBehavior [ RunTime:0.000089s ]
INFO: [ template_filter ] --END-- [ RunTime:0.000157s ]
INFO: Run Behavior\ParseTemplateBehavior [ RunTime:0.032707s ]
INFO: [ view_parse ] --END-- [ RunTime:0.032766s ]
INFO: [ view_filter ] --START--
INFO: Run Behavior\WriteHtmlCacheBehavior [ RunTime:0.000286s ]
INFO: [ view_filter ] --END-- [ RunTime:0.000324s ]
INFO: [ app_end ] --START--
INFO: Run Behavior\ShowPageTraceBehavior [ RunTime:0.000668s ]
INFO: [ app_end ] --END-- [ RunTime:0.000734s ]

[ 2016-04-11T22:30:04+08:00 ] ::1 /baihaobio_site/
INFO: [ app_init ] --START--
INFO: Run Behavior\BuildLiteBehavior [ RunTime:0.000012s ]
INFO: [ app_init ] --END-- [ RunTime:0.000438s ]
INFO: [ app_begin ] --START--
INFO: Run Behavior\ReadHtmlCacheBehavior [ RunTime:0.000885s ]
INFO: [ app_begin ] --END-- [ RunTime:0.001043s ]
SQL: DESCRIBE company [ RunTime:0.047273s ]
SQL: SELECT `notice`,`english_notice` FROM `company` WHERE `id` = 1 LIMIT 1   [ RunTime:0.046752s ]
SQL: DESCRIBE service_sort [ RunTime:0.047202s ]
SQL: SELECT * FROM `service_sort` WHERE ( type=2 and parent_id=0 and status=1 ) LIMIT 4   [ RunTime:0.047015s ]
SQL: SELECT * FROM `service_sort` WHERE ( type=1 and parent_id=0 and status=1 ) LIMIT 4   [ RunTime:0.046934s ]
SQL: DESCRIBE information [ RunTime:0.047162s ]
SQL: SELECT * FROM `information` ORDER BY create_time desc LIMIT 3   [ RunTime:0.046955s ]
INFO: [ view_parse ] --START--
INFO: [ template_filter ] --START--
INFO: Run Behavior\ContentReplaceBehavior [ RunTime:0.000088s ]
INFO: [ template_filter ] --END-- [ RunTime:0.000169s ]
INFO: Run Behavior\ParseTemplateBehavior [ RunTime:0.032687s ]
INFO: [ view_parse ] --END-- [ RunTime:0.032763s ]
INFO: [ view_filter ] --START--
INFO: Run Behavior\WriteHtmlCacheBehavior [ RunTime:0.000375s ]
INFO: [ view_filter ] --END-- [ RunTime:0.000439s ]
INFO: [ app_end ] --START--
INFO: Run Behavior\ShowPageTraceBehavior [ RunTime:0.000903s ]
INFO: [ app_end ] --END-- [ RunTime:0.000991s ]

[ 2016-04-11T22:30:19+08:00 ] ::1 /baihaobio_site/
INFO: [ app_init ] --START--
INFO: Run Behavior\BuildLiteBehavior [ RunTime:0.000011s ]
INFO: [ app_init ] --END-- [ RunTime:0.000327s ]
INFO: [ app_begin ] --START--
INFO: Run Behavior\ReadHtmlCacheBehavior [ RunTime:0.000594s ]
INFO: [ app_begin ] --END-- [ RunTime:0.000632s ]
SQL: DESCRIBE company [ RunTime:0.049644s ]
SQL: SELECT `notice`,`english_notice` FROM `company` WHERE `id` = 1 LIMIT 1   [ RunTime:0.048322s ]
SQL: DESCRIBE service_sort [ RunTime:0.048897s ]
SQL: SELECT * FROM `service_sort` WHERE ( type=2 and parent_id=0 and status=1 ) LIMIT 4   [ RunTime:0.048471s ]
SQL: SELECT * FROM `service_sort` WHERE ( type=1 and parent_id=0 and status=1 ) LIMIT 4   [ RunTime:0.048893s ]
SQL: DESCRIBE information [ RunTime:0.048739s ]
SQL: SELECT * FROM `information` ORDER BY create_time desc LIMIT 3   [ RunTime:0.048533s ]
INFO: [ view_parse ] --START--
INFO: [ template_filter ] --START--
INFO: Run Behavior\ContentReplaceBehavior [ RunTime:0.000067s ]
INFO: [ template_filter ] --END-- [ RunTime:0.000109s ]
INFO: Run Behavior\ParseTemplateBehavior [ RunTime:0.029373s ]
INFO: [ view_parse ] --END-- [ RunTime:0.029517s ]
INFO: [ view_filter ] --START--
INFO: Run Behavior\WriteHtmlCacheBehavior [ RunTime:0.000341s ]
INFO: [ view_filter ] --END-- [ RunTime:0.000387s ]
INFO: [ app_end ] --START--
INFO: Run Behavior\ShowPageTraceBehavior [ RunTime:0.000901s ]
INFO: [ app_end ] --END-- [ RunTime:0.000970s ]

[ 2016-04-11T23:03:01+08:00 ] ::1 /baihaobio_site/
INFO: [ app_init ] --START--
INFO: Run Behavior\BuildLiteBehavior [ RunTime:0.000019s ]
INFO: [ app_init ] --END-- [ RunTime:0.009537s ]
INFO: [ app_begin ] --START--
INFO: Run Behavior\ReadHtmlCacheBehavior [ RunTime:0.037802s ]
INFO: [ app_begin ] --END-- [ RunTime:0.037865s ]
SQL: DESCRIBE company [ RunTime:0.049423s ]
SQL: SELECT `notice`,`english_notice` FROM `company` WHERE `id` = 1 LIMIT 1   [ RunTime:0.050641s ]
SQL: DESCRIBE service_sort [ RunTime:0.049763s ]
SQL: SELECT * FROM `service_sort` WHERE ( type=2 and parent_id=0 and status=1 ) LIMIT 4   [ RunTime:0.048886s ]
SQL: SELECT * FROM `service_sort` WHERE ( type=1 and parent_id=0 and status=1 ) LIMIT 4   [ RunTime:0.049510s ]
SQL: DESCRIBE information [ RunTime:0.049381s ]
SQL: SELECT * FROM `information` ORDER BY create_time desc LIMIT 3   [ RunTime:0.049095s ]
INFO: [ view_parse ] --START--
INFO: [ template_filter ] --START--
INFO: Run Behavior\ContentReplaceBehavior [ RunTime:0.000070s ]
INFO: [ template_filter ] --END-- [ RunTime:0.000113s ]
INFO: Run Behavior\ParseTemplateBehavior [ RunTime:0.121711s ]
INFO: [ view_parse ] --END-- [ RunTime:0.121777s ]
INFO: [ view_filter ] --START--
INFO: Run Behavior\WriteHtmlCacheBehavior [ RunTime:0.037393s ]
INFO: [ view_filter ] --END-- [ RunTime:0.037524s ]
INFO: [ app_end ] --START--
INFO: Run Behavior\ShowPageTraceBehavior [ RunTime:0.016742s ]
INFO: [ app_end ] --END-- [ RunTime:0.016804s ]

[ 2016-04-11T23:22:49+08:00 ] ::1 /baihaobio_site/
INFO: [ app_init ] --START--
INFO: Run Behavior\BuildLiteBehavior [ RunTime:0.000013s ]
INFO: [ app_init ] --END-- [ RunTime:0.000393s ]
INFO: [ app_begin ] --START--
INFO: Run Behavior\ReadHtmlCacheBehavior [ RunTime:0.000664s ]
INFO: [ app_begin ] --END-- [ RunTime:0.000723s ]
SQL: DESCRIBE company [ RunTime:0.049699s ]
SQL: SELECT `notice`,`english_notice` FROM `company` WHERE `id` = 1 LIMIT 1   [ RunTime:0.049352s ]
SQL: DESCRIBE service_sort [ RunTime:0.049632s ]
SQL: SELECT * FROM `service_sort` WHERE ( type=2 and parent_id=0 and status=1 ) LIMIT 4   [ RunTime:0.050012s ]
SQL: SELECT * FROM `service_sort` WHERE ( type=1 and parent_id=0 and status=1 ) LIMIT 4   [ RunTime:0.049381s ]
SQL: DESCRIBE information [ RunTime:0.049724s ]
SQL: SELECT * FROM `information` ORDER BY create_time desc LIMIT 3   [ RunTime:0.049387s ]
INFO: [ view_parse ] --START--
INFO: [ template_filter ] --START--
INFO: Run Behavior\ContentReplaceBehavior [ RunTime:0.000065s ]
INFO: [ template_filter ] --END-- [ RunTime:0.000190s ]
INFO: Run Behavior\ParseTemplateBehavior [ RunTime:0.029020s ]
INFO: [ view_parse ] --END-- [ RunTime:0.029080s ]
INFO: [ view_filter ] --START--
INFO: Run Behavior\WriteHtmlCacheBehavior [ RunTime:0.000319s ]
INFO: [ view_filter ] --END-- [ RunTime:0.000346s ]
INFO: [ app_end ] --START--
INFO: Run Behavior\ShowPageTraceBehavior [ RunTime:0.000819s ]
INFO: [ app_end ] --END-- [ RunTime:0.000881s ]

