[ 2016-04-10T22:21:27+08:00 ] ::1 /baihaobio_site/
INFO: [ app_init ] --START--
INFO: Run Behavior\BuildLiteBehavior [ RunTime:0.000016s ]
INFO: [ app_init ] --END-- [ RunTime:0.038593s ]
INFO: [ app_begin ] --START--
INFO: Run Behavior\ReadHtmlCacheBehavior [ RunTime:0.018676s ]
INFO: [ app_begin ] --END-- [ RunTime:0.018735s ]
SQL: DESCRIBE company [ RunTime:0.139597s ]
SQL: SELECT `notice`,`english_notice` FROM `company` WHERE `id` = 1 LIMIT 1   [ RunTime:0.043540s ]
SQL: DESCRIBE service_sort [ RunTime:0.044078s ]
SQL: SELECT * FROM `service_sort` WHERE ( type=2 and parent_id=0 and status=1 ) LIMIT 4   [ RunTime:0.043648s ]
SQL: SELECT * FROM `service_sort` WHERE ( type=1 and parent_id=0 and status=1 ) LIMIT 4   [ RunTime:0.043723s ]
SQL: DESCRIBE information [ RunTime:0.044328s ]
SQL: SELECT * FROM `information` ORDER BY create_time desc LIMIT 3   [ RunTime:0.044016s ]
INFO: [ view_parse ] --START--
INFO: [ template_filter ] --START--
INFO: Run Behavior\ContentReplaceBehavior [ RunTime:0.000065s ]
INFO: [ template_filter ] --END-- [ RunTime:0.000104s ]
INFO: Run Behavior\ParseTemplateBehavior [ RunTime:0.453321s ]
INFO: [ view_parse ] --END-- [ RunTime:0.453395s ]
INFO: [ view_filter ] --START--
INFO: Run Behavior\WriteHtmlCacheBehavior [ RunTime:0.068629s ]
INFO: [ view_filter ] --END-- [ RunTime:0.068694s ]
INFO: [ app_end ] --START--
INFO: Run Behavior\ShowPageTraceBehavior [ RunTime:0.003127s ]
INFO: [ app_end ] --END-- [ RunTime:0.003240s ]

[ 2016-04-10T22:22:08+08:00 ] ::1 /baihaobio_site/
INFO: [ app_init ] --START--
INFO: Run Behavior\BuildLiteBehavior [ RunTime:0.000009s ]
INFO: [ app_init ] --END-- [ RunTime:0.000353s ]
INFO: [ app_begin ] --START--
INFO: Run Behavior\ReadHtmlCacheBehavior [ RunTime:0.000430s ]
INFO: [ app_begin ] --END-- [ RunTime:0.000459s ]
SQL: DESCRIBE company [ RunTime:0.044190s ]
SQL: SELECT `notice`,`english_notice` FROM `company` WHERE `id` = 1 LIMIT 1   [ RunTime:0.043777s ]
SQL: DESCRIBE service_sort [ RunTime:0.043988s ]
SQL: SELECT * FROM `service_sort` WHERE ( type=2 and parent_id=0 and status=1 ) LIMIT 4   [ RunTime:0.043754s ]
SQL: SELECT * FROM `service_sort` WHERE ( type=1 and parent_id=0 and status=1 ) LIMIT 4   [ RunTime:0.044041s ]
SQL: DESCRIBE information [ RunTime:0.044064s ]
SQL: SELECT * FROM `information` ORDER BY create_time desc LIMIT 3   [ RunTime:0.043429s ]
INFO: [ view_parse ] --START--
INFO: [ template_filter ] --START--
INFO: Run Behavior\ContentReplaceBehavior [ RunTime:0.000076s ]
INFO: [ template_filter ] --END-- [ RunTime:0.000114s ]
INFO: Run Behavior\ParseTemplateBehavior [ RunTime:0.028031s ]
INFO: [ view_parse ] --END-- [ RunTime:0.028083s ]
INFO: [ view_filter ] --START--
INFO: Run Behavior\WriteHtmlCacheBehavior [ RunTime:0.000271s ]
INFO: [ view_filter ] --END-- [ RunTime:0.000296s ]
INFO: [ app_end ] --START--
INFO: Run Behavior\ShowPageTraceBehavior [ RunTime:0.000923s ]
INFO: [ app_end ] --END-- [ RunTime:0.000998s ]

[ 2016-04-10T22:25:35+08:00 ] ::1 /baihaobio_site/
INFO: [ app_init ] --START--
INFO: Run Behavior\BuildLiteBehavior [ RunTime:0.000010s ]
INFO: [ app_init ] --END-- [ RunTime:0.000323s ]
INFO: [ app_begin ] --START--
INFO: Run Behavior\ReadHtmlCacheBehavior [ RunTime:0.000462s ]
INFO: [ app_begin ] --END-- [ RunTime:0.000494s ]
SQL: DESCRIBE company [ RunTime:0.041958s ]
SQL: SELECT `notice`,`english_notice` FROM `company` WHERE `id` = 1 LIMIT 1   [ RunTime:0.041078s ]
SQL: DESCRIBE service_sort [ RunTime:0.041489s ]
SQL: SELECT * FROM `service_sort` WHERE ( type=2 and parent_id=0 and status=1 ) LIMIT 4   [ RunTime:0.041282s ]
SQL: SELECT * FROM `service_sort` WHERE ( type=1 and parent_id=0 and status=1 ) LIMIT 4   [ RunTime:0.041340s ]
SQL: DESCRIBE information [ RunTime:0.041745s ]
SQL: SELECT * FROM `information` ORDER BY create_time desc LIMIT 3   [ RunTime:0.041304s ]
INFO: [ view_parse ] --START--
INFO: [ template_filter ] --START--
INFO: Run Behavior\ContentReplaceBehavior [ RunTime:0.000042s ]
INFO: [ template_filter ] --END-- [ RunTime:0.000083s ]
INFO: Run Behavior\ParseTemplateBehavior [ RunTime:0.013541s ]
INFO: [ view_parse ] --END-- [ RunTime:0.013602s ]
INFO: [ view_filter ] --START--
INFO: Run Behavior\WriteHtmlCacheBehavior [ RunTime:0.000288s ]
INFO: [ view_filter ] --END-- [ RunTime:0.000316s ]
INFO: [ app_end ] --START--
INFO: Run Behavior\ShowPageTraceBehavior [ RunTime:0.000732s ]
INFO: [ app_end ] --END-- [ RunTime:0.000780s ]

[ 2016-04-10T22:25:50+08:00 ] ::1 /baihaobio_site/
INFO: [ app_init ] --START--
INFO: Run Behavior\BuildLiteBehavior [ RunTime:0.000011s ]
INFO: [ app_init ] --END-- [ RunTime:0.000364s ]
INFO: [ app_begin ] --START--
INFO: Run Behavior\ReadHtmlCacheBehavior [ RunTime:0.000583s ]
INFO: [ app_begin ] --END-- [ RunTime:0.000642s ]
SQL: DESCRIBE company [ RunTime:0.044237s ]
SQL: SELECT `notice`,`english_notice` FROM `company` WHERE `id` = 1 LIMIT 1   [ RunTime:0.043660s ]
SQL: DESCRIBE service_sort [ RunTime:0.044048s ]
SQL: SELECT * FROM `service_sort` WHERE ( type=2 and parent_id=0 and status=1 ) LIMIT 4   [ RunTime:0.043938s ]
SQL: SELECT * FROM `service_sort` WHERE ( type=1 and parent_id=0 and status=1 ) LIMIT 4   [ RunTime:0.043945s ]
SQL: DESCRIBE information [ RunTime:0.044305s ]
SQL: SELECT * FROM `information` ORDER BY create_time desc LIMIT 3   [ RunTime:0.043761s ]
INFO: [ view_parse ] --START--
INFO: [ template_filter ] --START--
INFO: Run Behavior\ContentReplaceBehavior [ RunTime:0.000051s ]
INFO: [ template_filter ] --END-- [ RunTime:0.000110s ]
INFO: Run Behavior\ParseTemplateBehavior [ RunTime:0.017516s ]
INFO: [ view_parse ] --END-- [ RunTime:0.017569s ]
INFO: [ view_filter ] --START--
INFO: Run Behavior\WriteHtmlCacheBehavior [ RunTime:0.000271s ]
INFO: [ view_filter ] --END-- [ RunTime:0.000296s ]
INFO: [ app_end ] --START--
INFO: Run Behavior\ShowPageTraceBehavior [ RunTime:0.000452s ]
INFO: [ app_end ] --END-- [ RunTime:0.000479s ]

[ 2016-04-10T22:25:52+08:00 ] ::1 /baihaobio_site/
INFO: [ app_init ] --START--
INFO: Run Behavior\BuildLiteBehavior [ RunTime:0.000010s ]
INFO: [ app_init ] --END-- [ RunTime:0.000361s ]
INFO: [ app_begin ] --START--
INFO: Run Behavior\ReadHtmlCacheBehavior [ RunTime:0.000498s ]
INFO: [ app_begin ] --END-- [ RunTime:0.000539s ]
SQL: DESCRIBE company [ RunTime:0.045610s ]
SQL: SELECT `notice`,`english_notice` FROM `company` WHERE `id` = 1 LIMIT 1   [ RunTime:0.045172s ]
SQL: DESCRIBE service_sort [ RunTime:0.046005s ]
SQL: SELECT * FROM `service_sort` WHERE ( type=2 and parent_id=0 and status=1 ) LIMIT 4   [ RunTime:0.045354s ]
SQL: SELECT * FROM `service_sort` WHERE ( type=1 and parent_id=0 and status=1 ) LIMIT 4   [ RunTime:0.045605s ]
SQL: DESCRIBE information [ RunTime:0.045833s ]
SQL: SELECT * FROM `information` ORDER BY create_time desc LIMIT 3   [ RunTime:0.045560s ]
INFO: [ view_parse ] --START--
INFO: [ template_filter ] --START--
INFO: Run Behavior\ContentReplaceBehavior [ RunTime:0.000040s ]
INFO: [ template_filter ] --END-- [ RunTime:0.000077s ]
INFO: Run Behavior\ParseTemplateBehavior [ RunTime:0.006825s ]
INFO: [ view_parse ] --END-- [ RunTime:0.006882s ]
INFO: [ view_filter ] --START--
INFO: Run Behavior\WriteHtmlCacheBehavior [ RunTime:0.000366s ]
INFO: [ view_filter ] --END-- [ RunTime:0.000407s ]
INFO: [ app_end ] --START--
INFO: Run Behavior\ShowPageTraceBehavior [ RunTime:0.000504s ]
INFO: [ app_end ] --END-- [ RunTime:0.000534s ]

[ 2016-04-10T22:26:20+08:00 ] ::1 /baihaobio_site/
INFO: [ app_init ] --START--
INFO: Run Behavior\BuildLiteBehavior [ RunTime:0.000016s ]
INFO: [ app_init ] --END-- [ RunTime:0.000574s ]
INFO: [ app_begin ] --START--
INFO: Run Behavior\ReadHtmlCacheBehavior [ RunTime:0.000817s ]
INFO: [ app_begin ] --END-- [ RunTime:0.000885s ]
SQL: DESCRIBE company [ RunTime:0.045537s ]
SQL: SELECT `notice`,`english_notice` FROM `company` WHERE `id` = 1 LIMIT 1   [ RunTime:0.045252s ]
SQL: DESCRIBE service_sort [ RunTime:0.045309s ]
SQL: SELECT * FROM `service_sort` WHERE ( type=2 and parent_id=0 and status=1 ) LIMIT 4   [ RunTime:0.045004s ]
SQL: SELECT * FROM `service_sort` WHERE ( type=1 and parent_id=0 and status=1 ) LIMIT 4   [ RunTime:0.045774s ]
SQL: DESCRIBE information [ RunTime:0.046085s ]
SQL: SELECT * FROM `information` ORDER BY create_time desc LIMIT 3   [ RunTime:0.045401s ]
INFO: [ view_parse ] --START--
INFO: [ template_filter ] --START--
INFO: Run Behavior\ContentReplaceBehavior [ RunTime:0.000065s ]
INFO: [ template_filter ] --END-- [ RunTime:0.000131s ]
INFO: Run Behavior\ParseTemplateBehavior [ RunTime:0.040895s ]
INFO: [ view_parse ] --END-- [ RunTime:0.040980s ]
INFO: [ view_filter ] --START--
INFO: Run Behavior\WriteHtmlCacheBehavior [ RunTime:0.000438s ]
INFO: [ view_filter ] --END-- [ RunTime:0.000482s ]
INFO: [ app_end ] --START--
INFO: Run Behavior\ShowPageTraceBehavior [ RunTime:0.000876s ]
INFO: [ app_end ] --END-- [ RunTime:0.000942s ]

[ 2016-04-10T22:26:29+08:00 ] ::1 /baihaobio_site/
INFO: [ app_init ] --START--
INFO: Run Behavior\BuildLiteBehavior [ RunTime:0.000009s ]
INFO: [ app_init ] --END-- [ RunTime:0.000315s ]
INFO: [ app_begin ] --START--
INFO: Run Behavior\ReadHtmlCacheBehavior [ RunTime:0.000465s ]
INFO: [ app_begin ] --END-- [ RunTime:0.000499s ]
SQL: DESCRIBE company [ RunTime:0.042590s ]
SQL: SELECT `notice`,`english_notice` FROM `company` WHERE `id` = 1 LIMIT 1   [ RunTime:0.041834s ]
SQL: DESCRIBE service_sort [ RunTime:0.042508s ]
SQL: SELECT * FROM `service_sort` WHERE ( type=2 and parent_id=0 and status=1 ) LIMIT 4   [ RunTime:0.043502s ]
SQL: SELECT * FROM `service_sort` WHERE ( type=1 and parent_id=0 and status=1 ) LIMIT 4   [ RunTime:0.041999s ]
SQL: DESCRIBE information [ RunTime:0.042475s ]
SQL: SELECT * FROM `information` ORDER BY create_time desc LIMIT 3   [ RunTime:0.041906s ]
INFO: [ view_parse ] --START--
INFO: [ template_filter ] --START--
INFO: Run Behavior\ContentReplaceBehavior [ RunTime:0.000047s ]
INFO: [ template_filter ] --END-- [ RunTime:0.000088s ]
INFO: Run Behavior\ParseTemplateBehavior [ RunTime:0.006454s ]
INFO: [ view_parse ] --END-- [ RunTime:0.006500s ]
INFO: [ view_filter ] --START--
INFO: Run Behavior\WriteHtmlCacheBehavior [ RunTime:0.000268s ]
INFO: [ view_filter ] --END-- [ RunTime:0.000293s ]
INFO: [ app_end ] --START--
INFO: Run Behavior\ShowPageTraceBehavior [ RunTime:0.000576s ]
INFO: [ app_end ] --END-- [ RunTime:0.000617s ]

[ 2016-04-10T22:26:30+08:00 ] ::1 /baihaobio_site/
INFO: [ app_init ] --START--
INFO: Run Behavior\BuildLiteBehavior [ RunTime:0.000009s ]
INFO: [ app_init ] --END-- [ RunTime:0.000282s ]
INFO: [ app_begin ] --START--
INFO: Run Behavior\ReadHtmlCacheBehavior [ RunTime:0.000362s ]
INFO: [ app_begin ] --END-- [ RunTime:0.000394s ]
SQL: DESCRIBE company [ RunTime:0.045165s ]
SQL: SELECT `notice`,`english_notice` FROM `company` WHERE `id` = 1 LIMIT 1   [ RunTime:0.044757s ]
SQL: DESCRIBE service_sort [ RunTime:0.045084s ]
SQL: SELECT * FROM `service_sort` WHERE ( type=2 and parent_id=0 and status=1 ) LIMIT 4   [ RunTime:0.045163s ]
SQL: SELECT * FROM `service_sort` WHERE ( type=1 and parent_id=0 and status=1 ) LIMIT 4   [ RunTime:0.044615s ]
SQL: DESCRIBE information [ RunTime:0.045297s ]
SQL: SELECT * FROM `information` ORDER BY create_time desc LIMIT 3   [ RunTime:0.045170s ]
INFO: [ view_parse ] --START--
INFO: [ template_filter ] --START--
INFO: Run Behavior\ContentReplaceBehavior [ RunTime:0.000058s ]
INFO: [ template_filter ] --END-- [ RunTime:0.000120s ]
INFO: Run Behavior\ParseTemplateBehavior [ RunTime:0.009283s ]
INFO: [ view_parse ] --END-- [ RunTime:0.009359s ]
INFO: [ view_filter ] --START--
INFO: Run Behavior\WriteHtmlCacheBehavior [ RunTime:0.000208s ]
INFO: [ view_filter ] --END-- [ RunTime:0.000241s ]
INFO: [ app_end ] --START--
INFO: Run Behavior\ShowPageTraceBehavior [ RunTime:0.000715s ]
INFO: [ app_end ] --END-- [ RunTime:0.000782s ]

[ 2016-04-10T22:26:37+08:00 ] ::1 /baihaobio_site/
INFO: [ app_init ] --START--
INFO: Run Behavior\BuildLiteBehavior [ RunTime:0.000011s ]
INFO: [ app_init ] --END-- [ RunTime:0.000287s ]
INFO: [ app_begin ] --START--
INFO: Run Behavior\ReadHtmlCacheBehavior [ RunTime:0.000335s ]
INFO: [ app_begin ] --END-- [ RunTime:0.000363s ]
SQL: DESCRIBE company [ RunTime:0.046319s ]
SQL: SELECT `notice`,`english_notice` FROM `company` WHERE `id` = 1 LIMIT 1   [ RunTime:0.044448s ]
SQL: DESCRIBE service_sort [ RunTime:0.044945s ]
SQL: SELECT * FROM `service_sort` WHERE ( type=2 and parent_id=0 and status=1 ) LIMIT 4   [ RunTime:0.044662s ]
SQL: SELECT * FROM `service_sort` WHERE ( type=1 and parent_id=0 and status=1 ) LIMIT 4   [ RunTime:0.045021s ]
SQL: DESCRIBE information [ RunTime:0.045160s ]
SQL: SELECT * FROM `information` ORDER BY create_time desc LIMIT 3   [ RunTime:0.044923s ]
INFO: [ view_parse ] --START--
INFO: [ template_filter ] --START--
INFO: Run Behavior\ContentReplaceBehavior [ RunTime:0.000229s ]
INFO: [ template_filter ] --END-- [ RunTime:0.001451s ]
INFO: Run Behavior\ParseTemplateBehavior [ RunTime:0.012213s ]
INFO: [ view_parse ] --END-- [ RunTime:0.012277s ]
INFO: [ view_filter ] --START--
INFO: Run Behavior\WriteHtmlCacheBehavior [ RunTime:0.000282s ]
INFO: [ view_filter ] --END-- [ RunTime:0.000324s ]
INFO: [ app_end ] --START--
INFO: Run Behavior\ShowPageTraceBehavior [ RunTime:0.000613s ]
INFO: [ app_end ] --END-- [ RunTime:0.000665s ]

[ 2016-04-10T22:30:54+08:00 ] ::1 /baihaobio_site/
INFO: [ app_init ] --START--
INFO: Run Behavior\BuildLiteBehavior [ RunTime:0.000012s ]
INFO: [ app_init ] --END-- [ RunTime:0.000366s ]
INFO: [ app_begin ] --START--
INFO: Run Behavior\ReadHtmlCacheBehavior [ RunTime:0.000513s ]
INFO: [ app_begin ] --END-- [ RunTime:0.000546s ]
SQL: DESCRIBE company [ RunTime:0.044054s ]
SQL: SELECT `notice`,`english_notice` FROM `company` WHERE `id` = 1 LIMIT 1   [ RunTime:0.043481s ]
SQL: DESCRIBE service_sort [ RunTime:0.044193s ]
SQL: SELECT * FROM `service_sort` WHERE ( type=2 and parent_id=0 and status=1 ) LIMIT 4   [ RunTime:0.043682s ]
SQL: SELECT * FROM `service_sort` WHERE ( type=1 and parent_id=0 and status=1 ) LIMIT 4   [ RunTime:0.044425s ]
SQL: DESCRIBE information [ RunTime:0.044118s ]
SQL: SELECT * FROM `information` ORDER BY create_time desc LIMIT 3   [ RunTime:0.043888s ]
INFO: [ view_parse ] --START--
NOTIC: [2] file_get_contents(../Public/header.html): failed to open stream: No such file or directory E:\baihaobio_site\ThinkPHP\Library\Think\Template.class.php 第 696 行.
NOTIC: [2] file_get_contents(../Public/footer.html): failed to open stream: No such file or directory E:\baihaobio_site\ThinkPHP\Library\Think\Template.class.php 第 696 行.
INFO: [ template_filter ] --START--
INFO: Run Behavior\ContentReplaceBehavior [ RunTime:0.000040s ]
INFO: [ template_filter ] --END-- [ RunTime:0.000080s ]
INFO: Run Behavior\ParseTemplateBehavior [ RunTime:0.015189s ]
INFO: [ view_parse ] --END-- [ RunTime:0.015239s ]
INFO: [ view_filter ] --START--
INFO: Run Behavior\WriteHtmlCacheBehavior [ RunTime:0.000289s ]
INFO: [ view_filter ] --END-- [ RunTime:0.000315s ]
INFO: [ app_end ] --START--
INFO: Run Behavior\ShowPageTraceBehavior [ RunTime:0.000504s ]
INFO: [ app_end ] --END-- [ RunTime:0.000540s ]

[ 2016-04-10T22:30:57+08:00 ] ::1 /baihaobio_site/
INFO: [ app_init ] --START--
INFO: Run Behavior\BuildLiteBehavior [ RunTime:0.000010s ]
INFO: [ app_init ] --END-- [ RunTime:0.000395s ]
INFO: [ app_begin ] --START--
INFO: Run Behavior\ReadHtmlCacheBehavior [ RunTime:0.001084s ]
INFO: [ app_begin ] --END-- [ RunTime:0.001144s ]
SQL: DESCRIBE company [ RunTime:0.045435s ]
SQL: SELECT `notice`,`english_notice` FROM `company` WHERE `id` = 1 LIMIT 1   [ RunTime:0.044844s ]
SQL: DESCRIBE service_sort [ RunTime:0.045677s ]
SQL: SELECT * FROM `service_sort` WHERE ( type=2 and parent_id=0 and status=1 ) LIMIT 4   [ RunTime:0.044978s ]
SQL: SELECT * FROM `service_sort` WHERE ( type=1 and parent_id=0 and status=1 ) LIMIT 4   [ RunTime:0.045567s ]
SQL: DESCRIBE information [ RunTime:0.045175s ]
SQL: SELECT * FROM `information` ORDER BY create_time desc LIMIT 3   [ RunTime:0.045005s ]
INFO: [ view_parse ] --START--
NOTIC: [2] file_get_contents(../Public/header.html): failed to open stream: No such file or directory E:\baihaobio_site\ThinkPHP\Library\Think\Template.class.php 第 696 行.
NOTIC: [2] file_get_contents(../Public/footer.html): failed to open stream: No such file or directory E:\baihaobio_site\ThinkPHP\Library\Think\Template.class.php 第 696 行.
INFO: [ template_filter ] --START--
INFO: Run Behavior\ContentReplaceBehavior [ RunTime:0.000043s ]
INFO: [ template_filter ] --END-- [ RunTime:0.000085s ]
INFO: Run Behavior\ParseTemplateBehavior [ RunTime:0.006866s ]
INFO: [ view_parse ] --END-- [ RunTime:0.006929s ]
INFO: [ view_filter ] --START--
INFO: Run Behavior\WriteHtmlCacheBehavior [ RunTime:0.000325s ]
INFO: [ view_filter ] --END-- [ RunTime:0.000353s ]
INFO: [ app_end ] --START--
INFO: Run Behavior\ShowPageTraceBehavior [ RunTime:0.000503s ]
INFO: [ app_end ] --END-- [ RunTime:0.000537s ]

[ 2016-04-10T22:30:59+08:00 ] ::1 /baihaobio_site/
INFO: [ app_init ] --START--
INFO: Run Behavior\BuildLiteBehavior [ RunTime:0.000012s ]
INFO: [ app_init ] --END-- [ RunTime:0.000413s ]
INFO: [ app_begin ] --START--
INFO: Run Behavior\ReadHtmlCacheBehavior [ RunTime:0.000562s ]
INFO: [ app_begin ] --END-- [ RunTime:0.000620s ]
SQL: DESCRIBE company [ RunTime:0.042393s ]
SQL: SELECT `notice`,`english_notice` FROM `company` WHERE `id` = 1 LIMIT 1   [ RunTime:0.041876s ]
SQL: DESCRIBE service_sort [ RunTime:0.042377s ]
SQL: SELECT * FROM `service_sort` WHERE ( type=2 and parent_id=0 and status=1 ) LIMIT 4   [ RunTime:0.042081s ]
SQL: SELECT * FROM `service_sort` WHERE ( type=1 and parent_id=0 and status=1 ) LIMIT 4   [ RunTime:0.042028s ]
SQL: DESCRIBE information [ RunTime:0.042295s ]
SQL: SELECT * FROM `information` ORDER BY create_time desc LIMIT 3   [ RunTime:0.041809s ]
INFO: [ view_parse ] --START--
NOTIC: [2] file_get_contents(../Public/header.html): failed to open stream: No such file or directory E:\baihaobio_site\ThinkPHP\Library\Think\Template.class.php 第 696 行.
NOTIC: [2] file_get_contents(../Public/footer.html): failed to open stream: No such file or directory E:\baihaobio_site\ThinkPHP\Library\Think\Template.class.php 第 696 行.
INFO: [ template_filter ] --START--
INFO: Run Behavior\ContentReplaceBehavior [ RunTime:0.000044s ]
INFO: [ template_filter ] --END-- [ RunTime:0.000087s ]
INFO: Run Behavior\ParseTemplateBehavior [ RunTime:0.005966s ]
INFO: [ view_parse ] --END-- [ RunTime:0.006013s ]
INFO: [ view_filter ] --START--
INFO: Run Behavior\WriteHtmlCacheBehavior [ RunTime:0.000191s ]
INFO: [ view_filter ] --END-- [ RunTime:0.000217s ]
INFO: [ app_end ] --START--
INFO: Run Behavior\ShowPageTraceBehavior [ RunTime:0.000464s ]
INFO: [ app_end ] --END-- [ RunTime:0.000492s ]

[ 2016-04-10T22:33:56+08:00 ] ::1 /baihaobio_site/
INFO: [ app_init ] --START--
INFO: Run Behavior\BuildLiteBehavior [ RunTime:0.000022s ]
INFO: [ app_init ] --END-- [ RunTime:0.000537s ]
INFO: [ app_begin ] --START--
INFO: Run Behavior\ReadHtmlCacheBehavior [ RunTime:0.000526s ]
INFO: [ app_begin ] --END-- [ RunTime:0.000569s ]
SQL: DESCRIBE company [ RunTime:0.042324s ]
SQL: SELECT `notice`,`english_notice` FROM `company` WHERE `id` = 1 LIMIT 1   [ RunTime:0.041346s ]
SQL: DESCRIBE service_sort [ RunTime:0.041681s ]
SQL: SELECT * FROM `service_sort` WHERE ( type=2 and parent_id=0 and status=1 ) LIMIT 4   [ RunTime:0.041578s ]
SQL: SELECT * FROM `service_sort` WHERE ( type=1 and parent_id=0 and status=1 ) LIMIT 4   [ RunTime:0.041501s ]
SQL: DESCRIBE information [ RunTime:0.041845s ]
SQL: SELECT * FROM `information` ORDER BY create_time desc LIMIT 3   [ RunTime:0.041406s ]
INFO: [ view_parse ] --START--
NOTIC: [2] file_get_contents(../Public/header.html): failed to open stream: No such file or directory E:\baihaobio_site\ThinkPHP\Library\Think\Template.class.php 第 696 行.
NOTIC: [2] file_get_contents(../Public/footer.html): failed to open stream: No such file or directory E:\baihaobio_site\ThinkPHP\Library\Think\Template.class.php 第 696 行.
INFO: [ template_filter ] --START--
INFO: Run Behavior\ContentReplaceBehavior [ RunTime:0.000044s ]
INFO: [ template_filter ] --END-- [ RunTime:0.000085s ]
INFO: Run Behavior\ParseTemplateBehavior [ RunTime:0.008159s ]
INFO: [ view_parse ] --END-- [ RunTime:0.008242s ]
INFO: [ view_filter ] --START--
INFO: Run Behavior\WriteHtmlCacheBehavior [ RunTime:0.000301s ]
INFO: [ view_filter ] --END-- [ RunTime:0.000336s ]
INFO: [ app_end ] --START--
INFO: Run Behavior\ShowPageTraceBehavior [ RunTime:0.000575s ]
INFO: [ app_end ] --END-- [ RunTime:0.000609s ]

[ 2016-04-10T22:33:58+08:00 ] ::1 /baihaobio_site/
INFO: [ app_init ] --START--
INFO: Run Behavior\BuildLiteBehavior [ RunTime:0.000023s ]
INFO: [ app_init ] --END-- [ RunTime:0.000492s ]
INFO: [ app_begin ] --START--
INFO: Run Behavior\ReadHtmlCacheBehavior [ RunTime:0.000914s ]
INFO: [ app_begin ] --END-- [ RunTime:0.001023s ]
SQL: DESCRIBE company [ RunTime:0.042012s ]
SQL: SELECT `notice`,`english_notice` FROM `company` WHERE `id` = 1 LIMIT 1   [ RunTime:0.041461s ]
SQL: DESCRIBE service_sort [ RunTime:0.041867s ]
SQL: SELECT * FROM `service_sort` WHERE ( type=2 and parent_id=0 and status=1 ) LIMIT 4   [ RunTime:0.042144s ]
SQL: SELECT * FROM `service_sort` WHERE ( type=1 and parent_id=0 and status=1 ) LIMIT 4   [ RunTime:0.041741s ]
SQL: DESCRIBE information [ RunTime:0.041916s ]
SQL: SELECT * FROM `information` ORDER BY create_time desc LIMIT 3   [ RunTime:0.041513s ]
INFO: [ view_parse ] --START--
NOTIC: [2] file_get_contents(../Public/header.html): failed to open stream: No such file or directory E:\baihaobio_site\ThinkPHP\Library\Think\Template.class.php 第 696 行.
NOTIC: [2] file_get_contents(../Public/footer.html): failed to open stream: No such file or directory E:\baihaobio_site\ThinkPHP\Library\Think\Template.class.php 第 696 行.
INFO: [ template_filter ] --START--
INFO: Run Behavior\ContentReplaceBehavior [ RunTime:0.000040s ]
INFO: [ template_filter ] --END-- [ RunTime:0.000072s ]
INFO: Run Behavior\ParseTemplateBehavior [ RunTime:0.005869s ]
INFO: [ view_parse ] --END-- [ RunTime:0.005946s ]
INFO: [ view_filter ] --START--
INFO: Run Behavior\WriteHtmlCacheBehavior [ RunTime:0.000445s ]
INFO: [ view_filter ] --END-- [ RunTime:0.000496s ]
INFO: [ app_end ] --START--
INFO: Run Behavior\ShowPageTraceBehavior [ RunTime:0.000705s ]
INFO: [ app_end ] --END-- [ RunTime:0.000755s ]

[ 2016-04-10T22:34:23+08:00 ] ::1 /baihaobio_site/
INFO: [ app_init ] --START--
INFO: Run Behavior\BuildLiteBehavior [ RunTime:0.000012s ]
INFO: [ app_init ] --END-- [ RunTime:0.000321s ]
INFO: [ app_begin ] --START--
INFO: Run Behavior\ReadHtmlCacheBehavior [ RunTime:0.000588s ]
INFO: [ app_begin ] --END-- [ RunTime:0.000631s ]
SQL: DESCRIBE company [ RunTime:0.043437s ]
SQL: SELECT `notice`,`english_notice` FROM `company` WHERE `id` = 1 LIMIT 1   [ RunTime:0.042524s ]
SQL: DESCRIBE service_sort [ RunTime:0.043719s ]
SQL: SELECT * FROM `service_sort` WHERE ( type=2 and parent_id=0 and status=1 ) LIMIT 4   [ RunTime:0.043368s ]
SQL: SELECT * FROM `service_sort` WHERE ( type=1 and parent_id=0 and status=1 ) LIMIT 4   [ RunTime:0.042684s ]
SQL: DESCRIBE information [ RunTime:0.043149s ]
SQL: SELECT * FROM `information` ORDER BY create_time desc LIMIT 3   [ RunTime:0.042520s ]
INFO: [ view_parse ] --START--
NOTIC: [2] file_get_contents(../Public/footer.html): failed to open stream: No such file or directory E:\baihaobio_site\ThinkPHP\Library\Think\Template.class.php 第 696 行.
INFO: [ template_filter ] --START--
INFO: Run Behavior\ContentReplaceBehavior [ RunTime:0.000050s ]
INFO: [ template_filter ] --END-- [ RunTime:0.000087s ]
INFO: Run Behavior\ParseTemplateBehavior [ RunTime:0.026219s ]
INFO: [ view_parse ] --END-- [ RunTime:0.026291s ]
INFO: [ view_filter ] --START--
INFO: Run Behavior\WriteHtmlCacheBehavior [ RunTime:0.000320s ]
INFO: [ view_filter ] --END-- [ RunTime:0.000351s ]
INFO: [ app_end ] --START--
INFO: Run Behavior\ShowPageTraceBehavior [ RunTime:0.000764s ]
INFO: [ app_end ] --END-- [ RunTime:0.000826s ]

[ 2016-04-10T22:35:16+08:00 ] ::1 /baihaobio_site/
INFO: [ app_init ] --START--
INFO: Run Behavior\BuildLiteBehavior [ RunTime:0.000009s ]
INFO: [ app_init ] --END-- [ RunTime:0.000284s ]
INFO: [ app_begin ] --START--
INFO: Run Behavior\ReadHtmlCacheBehavior [ RunTime:0.000380s ]
INFO: [ app_begin ] --END-- [ RunTime:0.000415s ]
SQL: DESCRIBE company [ RunTime:0.044985s ]
SQL: SELECT `notice`,`english_notice` FROM `company` WHERE `id` = 1 LIMIT 1   [ RunTime:0.044603s ]
SQL: DESCRIBE service_sort [ RunTime:0.045128s ]
SQL: SELECT * FROM `service_sort` WHERE ( type=2 and parent_id=0 and status=1 ) LIMIT 4   [ RunTime:0.045368s ]
SQL: SELECT * FROM `service_sort` WHERE ( type=1 and parent_id=0 and status=1 ) LIMIT 4   [ RunTime:0.044617s ]
SQL: DESCRIBE information [ RunTime:0.044782s ]
SQL: SELECT * FROM `information` ORDER BY create_time desc LIMIT 3   [ RunTime:0.044519s ]
INFO: [ view_parse ] --START--
NOTIC: [2] file_get_contents(../Public/footer.html): failed to open stream: No such file or directory E:\baihaobio_site\ThinkPHP\Library\Think\Template.class.php 第 696 行.
INFO: [ template_filter ] --START--
INFO: Run Behavior\ContentReplaceBehavior [ RunTime:0.000076s ]
INFO: [ template_filter ] --END-- [ RunTime:0.000159s ]
INFO: Run Behavior\ParseTemplateBehavior [ RunTime:0.028676s ]
INFO: [ view_parse ] --END-- [ RunTime:0.028728s ]
INFO: [ view_filter ] --START--
INFO: Run Behavior\WriteHtmlCacheBehavior [ RunTime:0.000221s ]
INFO: [ view_filter ] --END-- [ RunTime:0.000248s ]
INFO: [ app_end ] --START--
INFO: Run Behavior\ShowPageTraceBehavior [ RunTime:0.000674s ]
INFO: [ app_end ] --END-- [ RunTime:0.000735s ]

[ 2016-04-10T22:36:03+08:00 ] ::1 /baihaobio_site/
INFO: [ app_init ] --START--
INFO: Run Behavior\BuildLiteBehavior [ RunTime:0.000019s ]
INFO: [ app_init ] --END-- [ RunTime:0.000473s ]
INFO: [ app_begin ] --START--
INFO: Run Behavior\ReadHtmlCacheBehavior [ RunTime:0.000445s ]
INFO: [ app_begin ] --END-- [ RunTime:0.000480s ]
SQL: DESCRIBE company [ RunTime:0.044226s ]
SQL: SELECT `notice`,`english_notice` FROM `company` WHERE `id` = 1 LIMIT 1   [ RunTime:0.043597s ]
SQL: DESCRIBE service_sort [ RunTime:0.044460s ]
SQL: SELECT * FROM `service_sort` WHERE ( type=2 and parent_id=0 and status=1 ) LIMIT 4   [ RunTime:0.043731s ]
SQL: SELECT * FROM `service_sort` WHERE ( type=1 and parent_id=0 and status=1 ) LIMIT 4   [ RunTime:0.043529s ]
SQL: DESCRIBE information [ RunTime:0.043834s ]
SQL: SELECT * FROM `information` ORDER BY create_time desc LIMIT 3   [ RunTime:0.043927s ]
INFO: [ view_parse ] --START--
NOTIC: [2] file_get_contents(../Public/footer.html): failed to open stream: No such file or directory E:\baihaobio_site\ThinkPHP\Library\Think\Template.class.php 第 696 行.
INFO: [ template_filter ] --START--
INFO: Run Behavior\ContentReplaceBehavior [ RunTime:0.000047s ]
INFO: [ template_filter ] --END-- [ RunTime:0.000084s ]
INFO: Run Behavior\ParseTemplateBehavior [ RunTime:0.029580s ]
INFO: [ view_parse ] --END-- [ RunTime:0.029655s ]
INFO: [ view_filter ] --START--
INFO: Run Behavior\WriteHtmlCacheBehavior [ RunTime:0.000448s ]
INFO: [ view_filter ] --END-- [ RunTime:0.000502s ]
INFO: [ app_end ] --START--
INFO: Run Behavior\ShowPageTraceBehavior [ RunTime:0.000842s ]
INFO: [ app_end ] --END-- [ RunTime:0.000949s ]

[ 2016-04-10T22:36:11+08:00 ] ::1 /baihaobio_site/
INFO: [ app_init ] --START--
INFO: Run Behavior\BuildLiteBehavior [ RunTime:0.000009s ]
INFO: [ app_init ] --END-- [ RunTime:0.000282s ]
INFO: [ app_begin ] --START--
INFO: Run Behavior\ReadHtmlCacheBehavior [ RunTime:0.000402s ]
INFO: [ app_begin ] --END-- [ RunTime:0.000439s ]
SQL: DESCRIBE company [ RunTime:0.044300s ]
SQL: SELECT `notice`,`english_notice` FROM `company` WHERE `id` = 1 LIMIT 1   [ RunTime:0.043841s ]
SQL: DESCRIBE service_sort [ RunTime:0.044197s ]
SQL: SELECT * FROM `service_sort` WHERE ( type=2 and parent_id=0 and status=1 ) LIMIT 4   [ RunTime:0.044475s ]
SQL: SELECT * FROM `service_sort` WHERE ( type=1 and parent_id=0 and status=1 ) LIMIT 4   [ RunTime:0.044142s ]
SQL: DESCRIBE information [ RunTime:0.044186s ]
SQL: SELECT * FROM `information` ORDER BY create_time desc LIMIT 3   [ RunTime:0.044477s ]
INFO: [ view_parse ] --START--
NOTIC: [2] file_get_contents(../Public/footer.html): failed to open stream: No such file or directory E:\baihaobio_site\ThinkPHP\Library\Think\Template.class.php 第 696 行.
INFO: [ template_filter ] --START--
INFO: Run Behavior\ContentReplaceBehavior [ RunTime:0.000055s ]
INFO: [ template_filter ] --END-- [ RunTime:0.000091s ]
INFO: Run Behavior\ParseTemplateBehavior [ RunTime:0.025386s ]
INFO: [ view_parse ] --END-- [ RunTime:0.025446s ]
INFO: [ view_filter ] --START--
INFO: Run Behavior\WriteHtmlCacheBehavior [ RunTime:0.000186s ]
INFO: [ view_filter ] --END-- [ RunTime:0.000212s ]
INFO: [ app_end ] --START--
INFO: Run Behavior\ShowPageTraceBehavior [ RunTime:0.000681s ]
INFO: [ app_end ] --END-- [ RunTime:0.000746s ]

[ 2016-04-10T22:36:26+08:00 ] ::1 /baihaobio_site/
INFO: [ app_init ] --START--
INFO: Run Behavior\BuildLiteBehavior [ RunTime:0.000007s ]
INFO: [ app_init ] --END-- [ RunTime:0.000259s ]
INFO: [ app_begin ] --START--
INFO: Run Behavior\ReadHtmlCacheBehavior [ RunTime:0.000473s ]
INFO: [ app_begin ] --END-- [ RunTime:0.000501s ]
SQL: DESCRIBE company [ RunTime:0.042209s ]
SQL: SELECT `notice`,`english_notice` FROM `company` WHERE `id` = 1 LIMIT 1   [ RunTime:0.041743s ]
SQL: DESCRIBE service_sort [ RunTime:0.042281s ]
SQL: SELECT * FROM `service_sort` WHERE ( type=2 and parent_id=0 and status=1 ) LIMIT 4   [ RunTime:0.041720s ]
SQL: SELECT * FROM `service_sort` WHERE ( type=1 and parent_id=0 and status=1 ) LIMIT 4   [ RunTime:0.042704s ]
SQL: DESCRIBE information [ RunTime:0.042100s ]
SQL: SELECT * FROM `information` ORDER BY create_time desc LIMIT 3   [ RunTime:0.041785s ]
INFO: [ view_parse ] --START--
NOTIC: [2] file_get_contents(../Public/footer.html): failed to open stream: No such file or directory E:\baihaobio_site\ThinkPHP\Library\Think\Template.class.php 第 696 行.
INFO: [ template_filter ] --START--
INFO: Run Behavior\ContentReplaceBehavior [ RunTime:0.000053s ]
INFO: [ template_filter ] --END-- [ RunTime:0.000110s ]
INFO: Run Behavior\ParseTemplateBehavior [ RunTime:0.023256s ]
INFO: [ view_parse ] --END-- [ RunTime:0.023305s ]
INFO: [ view_filter ] --START--
INFO: Run Behavior\WriteHtmlCacheBehavior [ RunTime:0.000282s ]
INFO: [ view_filter ] --END-- [ RunTime:0.000308s ]
INFO: [ app_end ] --START--
INFO: Run Behavior\ShowPageTraceBehavior [ RunTime:0.000734s ]
INFO: [ app_end ] --END-- [ RunTime:0.000789s ]

[ 2016-04-10T22:37:21+08:00 ] ::1 /baihaobio_site/
INFO: [ app_init ] --START--
INFO: Run Behavior\BuildLiteBehavior [ RunTime:0.000010s ]
INFO: [ app_init ] --END-- [ RunTime:0.000300s ]
INFO: [ app_begin ] --START--
INFO: Run Behavior\ReadHtmlCacheBehavior [ RunTime:0.000479s ]
INFO: [ app_begin ] --END-- [ RunTime:0.000511s ]
SQL: DESCRIBE company [ RunTime:0.044299s ]
SQL: SELECT `notice`,`english_notice` FROM `company` WHERE `id` = 1 LIMIT 1   [ RunTime:0.043616s ]
SQL: DESCRIBE service_sort [ RunTime:0.044058s ]
SQL: SELECT * FROM `service_sort` WHERE ( type=2 and parent_id=0 and status=1 ) LIMIT 4   [ RunTime:0.043795s ]
SQL: SELECT * FROM `service_sort` WHERE ( type=1 and parent_id=0 and status=1 ) LIMIT 4   [ RunTime:0.043812s ]
SQL: DESCRIBE information [ RunTime:0.044266s ]
SQL: SELECT * FROM `information` ORDER BY create_time desc LIMIT 3   [ RunTime:0.043685s ]
INFO: [ view_parse ] --START--
INFO: [ template_filter ] --START--
INFO: Run Behavior\ContentReplaceBehavior [ RunTime:0.000054s ]
INFO: [ template_filter ] --END-- [ RunTime:0.000086s ]
INFO: Run Behavior\ParseTemplateBehavior [ RunTime:0.025658s ]
INFO: [ view_parse ] --END-- [ RunTime:0.025708s ]
INFO: [ view_filter ] --START--
INFO: Run Behavior\WriteHtmlCacheBehavior [ RunTime:0.000270s ]
INFO: [ view_filter ] --END-- [ RunTime:0.000295s ]
INFO: [ app_end ] --START--
INFO: Run Behavior\ShowPageTraceBehavior [ RunTime:0.000756s ]
INFO: [ app_end ] --END-- [ RunTime:0.000820s ]

